{
  "stats": {
    "suites": 4,
    "tests": 26,
    "passes": 26,
    "pending": 0,
    "failures": 0,
    "start": "2025-11-24T12:08:25.217Z",
    "end": "2025-11-24T12:08:40.816Z",
    "duration": 15599,
    "testsRegistered": 26,
    "passPercent": 100,
    "pendingPercent": 0,
    "other": 0,
    "hasOther": false,
    "skipped": 0,
    "hasSkipped": false
  },
  "results": [
    {
      "uuid": "f78c62c4-1dd1-4d0d-a03a-3e93a69e8619",
      "title": "",
      "fullFile": "cypress\\e2e\\Register.cy.js",
      "file": "cypress\\e2e\\Register.cy.js",
      "beforeHooks": [],
      "afterHooks": [],
      "tests": [],
      "suites": [
        {
          "uuid": "936de271-eb6f-4470-88bc-d7f727eaf4fd",
          "title": "Página de Registro - Give.me",
          "fullFile": "",
          "file": "",
          "beforeHooks": [],
          "afterHooks": [],
          "tests": [],
          "suites": [
            {
              "uuid": "e791c813-43eb-4134-99b3-9f5952d410a9",
              "title": "Testes de Funcionalidades Existentes",
              "fullFile": "",
              "file": "",
              "beforeHooks": [],
              "afterHooks": [],
              "tests": [
                {
                  "title": "exibe todos os elementos visuais principais",
                  "fullTitle": "Página de Registro - Give.me Testes de Funcionalidades Existentes exibe todos os elementos visuais principais",
                  "timedOut": null,
                  "duration": 2319,
                  "state": "passed",
                  "speed": "fast",
                  "pass": true,
                  "fail": false,
                  "pending": false,
                  "context": "{\n  \"title\": \"cypress-mochawesome-reporter-videos-passed\",\n  \"value\": \"cypress\\\\e2e\\\\Register.cy.js\"\n}",
                  "code": "cy.contains('Give.me').should('be.visible');\ncy.contains('Crie sua conta').should('be.visible');\ncy.contains('Junte-se à nossa comunidade de compartilhamento').should('be.visible');\ncy.get('input[name=\"first_name\"]').should('be.visible');\ncy.get('input[name=\"last_name\"]').should('be.visible');\ncy.get('input[name=\"email\"]').should('be.visible');\ncy.get('input[name=\"password\"]').should('be.visible');\ncy.contains('button', 'Criar Conta').should('be.visible');",
                  "err": {},
                  "uuid": "f96328db-600c-4540-93f3-41b743b59b6a",
                  "parentUUID": "e791c813-43eb-4134-99b3-9f5952d410a9",
                  "isHook": false,
                  "skipped": false
                },
                {
                  "title": "realiza registro com dados válidos",
                  "fullTitle": "Página de Registro - Give.me Testes de Funcionalidades Existentes realiza registro com dados válidos",
                  "timedOut": null,
                  "duration": 1552,
                  "state": "passed",
                  "speed": "fast",
                  "pass": true,
                  "fail": false,
                  "pending": false,
                  "context": "{\n  \"title\": \"cypress-mochawesome-reporter-videos-passed\",\n  \"value\": \"cypress\\\\e2e\\\\Register.cy.js\"\n}",
                  "code": "cy.intercept('POST', REGISTER_URL, {\n  statusCode: 201,\n  body: {\n    id: 1,\n    email: 'usuario@exemplo.com'\n  }\n}).as('registerSuccess');\ncy.get('input[name=\"first_name\"]').type('João');\ncy.get('input[name=\"last_name\"]').type('Silva');\ncy.get('input[name=\"email\"]').type('usuario@exemplo.com');\ncy.get('input[name=\"password\"]').type('senha123');\ncy.contains('button', 'Criar Conta').click();\ncy.wait('@registerSuccess');\ncy.url().should('include', '/login');",
                  "err": {},
                  "uuid": "b9e6dbc2-5387-44e6-9571-50c48cf780e9",
                  "parentUUID": "e791c813-43eb-4134-99b3-9f5952d410a9",
                  "isHook": false,
                  "skipped": false
                },
                {
                  "title": "valida campos obrigatórios do formulário",
                  "fullTitle": "Página de Registro - Give.me Testes de Funcionalidades Existentes valida campos obrigatórios do formulário",
                  "timedOut": null,
                  "duration": 280,
                  "state": "passed",
                  "speed": "fast",
                  "pass": true,
                  "fail": false,
                  "pending": false,
                  "context": "{\n  \"title\": \"cypress-mochawesome-reporter-videos-passed\",\n  \"value\": \"cypress\\\\e2e\\\\Register.cy.js\"\n}",
                  "code": "cy.contains('button', 'Criar Conta').click();\ncy.get('form').then($form => {\n  expect($form[0].checkValidity()).to.be.false;\n});\ncy.url().should('include', '/register');",
                  "err": {},
                  "uuid": "aae7b8b2-7d82-46c0-9b3c-cd9ed70d1091",
                  "parentUUID": "e791c813-43eb-4134-99b3-9f5952d410a9",
                  "isHook": false,
                  "skipped": false
                },
                {
                  "title": "oferece navegação para página de login",
                  "fullTitle": "Página de Registro - Give.me Testes de Funcionalidades Existentes oferece navegação para página de login",
                  "timedOut": null,
                  "duration": 452,
                  "state": "passed",
                  "speed": "fast",
                  "pass": true,
                  "fail": false,
                  "pending": false,
                  "context": "{\n  \"title\": \"cypress-mochawesome-reporter-videos-passed\",\n  \"value\": \"cypress\\\\e2e\\\\Register.cy.js\"\n}",
                  "code": "cy.contains('Já tem uma conta?').should('be.visible');\ncy.contains('Entrar').should('be.visible');\ncy.contains('Entrar').click();\ncy.url().should('include', '/login');",
                  "err": {},
                  "uuid": "81207e93-2671-45e7-9d2d-1aae7ecc31a2",
                  "parentUUID": "e791c813-43eb-4134-99b3-9f5952d410a9",
                  "isHook": false,
                  "skipped": false
                },
                {
                  "title": "apresenta placeholders informativos nos campos",
                  "fullTitle": "Página de Registro - Give.me Testes de Funcionalidades Existentes apresenta placeholders informativos nos campos",
                  "timedOut": null,
                  "duration": 191,
                  "state": "passed",
                  "speed": "fast",
                  "pass": true,
                  "fail": false,
                  "pending": false,
                  "context": "{\n  \"title\": \"cypress-mochawesome-reporter-videos-passed\",\n  \"value\": \"cypress\\\\e2e\\\\Register.cy.js\"\n}",
                  "code": "cy.get('input[name=\"first_name\"]').should('have.attr', 'placeholder', 'Nome');\ncy.get('input[name=\"last_name\"]').should('have.attr', 'placeholder', 'Sobrenome');\ncy.get('input[name=\"email\"]').should('have.attr', 'placeholder', 'Email');\ncy.get('input[name=\"password\"]').should('have.attr', 'placeholder', 'Senha');",
                  "err": {},
                  "uuid": "bc41c7b1-4808-451d-87dc-6936cefa2c3a",
                  "parentUUID": "e791c813-43eb-4134-99b3-9f5952d410a9",
                  "isHook": false,
                  "skipped": false
                },
                {
                  "title": "utiliza tipos de input apropriados",
                  "fullTitle": "Página de Registro - Give.me Testes de Funcionalidades Existentes utiliza tipos de input apropriados",
                  "timedOut": null,
                  "duration": 185,
                  "state": "passed",
                  "speed": "fast",
                  "pass": true,
                  "fail": false,
                  "pending": false,
                  "context": "{\n  \"title\": \"cypress-mochawesome-reporter-videos-passed\",\n  \"value\": \"cypress\\\\e2e\\\\Register.cy.js\"\n}",
                  "code": "cy.get('input[name=\"email\"]').should('have.attr', 'type', 'email');\ncy.get('input[name=\"password\"]').should('have.attr', 'type', 'password');\ncy.get('input[name=\"first_name\"]').should('have.attr', 'type', 'text');\ncy.get('input[name=\"last_name\"]').should('have.attr', 'type', 'text');",
                  "err": {},
                  "uuid": "a3a7bf2b-95db-4f39-a871-d8f646bce48d",
                  "parentUUID": "e791c813-43eb-4134-99b3-9f5952d410a9",
                  "isHook": false,
                  "skipped": false
                },
                {
                  "title": "mantém estrutura HTML organizada",
                  "fullTitle": "Página de Registro - Give.me Testes de Funcionalidades Existentes mantém estrutura HTML organizada",
                  "timedOut": null,
                  "duration": 191,
                  "state": "passed",
                  "speed": "fast",
                  "pass": true,
                  "fail": false,
                  "pending": false,
                  "context": "{\n  \"title\": \"cypress-mochawesome-reporter-videos-passed\",\n  \"value\": \"cypress\\\\e2e\\\\Register.cy.js\"\n}",
                  "code": "cy.get('.form-container').should('exist');\ncy.get('form').should('exist');\ncy.get('header').should('exist');\ncy.get('footer').should('exist');",
                  "err": {},
                  "uuid": "5386af39-42b6-4966-8829-f41300800956",
                  "parentUUID": "e791c813-43eb-4134-99b3-9f5952d410a9",
                  "isHook": false,
                  "skipped": false
                },
                {
                  "title": "mantém senha oculta por padrão",
                  "fullTitle": "Página de Registro - Give.me Testes de Funcionalidades Existentes mantém senha oculta por padrão",
                  "timedOut": null,
                  "duration": 191,
                  "state": "passed",
                  "speed": "fast",
                  "pass": true,
                  "fail": false,
                  "pending": false,
                  "context": "{\n  \"title\": \"cypress-mochawesome-reporter-videos-passed\",\n  \"value\": \"cypress\\\\e2e\\\\Register.cy.js\"\n}",
                  "code": "cy.get('input[name=\"password\"]').should('have.attr', 'type', 'password').and('have.attr', 'required');",
                  "err": {},
                  "uuid": "487a52e5-4f7b-4ecc-acfd-f2dde227918e",
                  "parentUUID": "e791c813-43eb-4134-99b3-9f5952d410a9",
                  "isHook": false,
                  "skipped": false
                },
                {
                  "title": "preserva dados dos campos após erro",
                  "fullTitle": "Página de Registro - Give.me Testes de Funcionalidades Existentes preserva dados dos campos após erro",
                  "timedOut": null,
                  "duration": 1334,
                  "state": "passed",
                  "speed": "fast",
                  "pass": true,
                  "fail": false,
                  "pending": false,
                  "context": "{\n  \"title\": \"cypress-mochawesome-reporter-videos-passed\",\n  \"value\": \"cypress\\\\e2e\\\\Register.cy.js\"\n}",
                  "code": "cy.intercept('POST', REGISTER_URL, {\n  statusCode: 409,\n  body: {\n    detail: 'Email already exists'\n  }\n}).as('registerError');\ncy.get('input[name=\"first_name\"]').type('Carlos');\ncy.get('input[name=\"last_name\"]').type('Oliveira');\ncy.get('input[name=\"email\"]').type('carlos@exemplo.com');\ncy.get('input[name=\"password\"]').type('minhasenha');\ncy.contains('button', 'Criar Conta').click();\ncy.wait('@registerError');\ncy.get('input[name=\"first_name\"]').should('have.value', 'Carlos');\ncy.get('input[name=\"last_name\"]').should('have.value', 'Oliveira');\ncy.get('input[name=\"email\"]').should('have.value', 'carlos@exemplo.com');\ncy.get('input[name=\"password\"]').should('have.value', 'minhasenha');",
                  "err": {},
                  "uuid": "3ffdeb74-c19a-4023-acab-d46d18dcc9fa",
                  "parentUUID": "e791c813-43eb-4134-99b3-9f5952d410a9",
                  "isHook": false,
                  "skipped": false
                },
                {
                  "title": "aceita caracteres especiais em campos de nome",
                  "fullTitle": "Página de Registro - Give.me Testes de Funcionalidades Existentes aceita caracteres especiais em campos de nome",
                  "timedOut": null,
                  "duration": 609,
                  "state": "passed",
                  "speed": "fast",
                  "pass": true,
                  "fail": false,
                  "pending": false,
                  "context": "{\n  \"title\": \"cypress-mochawesome-reporter-videos-passed\",\n  \"value\": \"cypress\\\\e2e\\\\Register.cy.js\"\n}",
                  "code": "cy.get('input[name=\"first_name\"]').type('João');\ncy.get('input[name=\"last_name\"]').type('D\\'Ávila');\ncy.get('input[name=\"first_name\"]').should('have.value', 'João');\ncy.get('input[name=\"last_name\"]').should('have.value', 'D\\'Ávila');",
                  "err": {},
                  "uuid": "9fcc4862-f57d-4991-bb99-325434f10e22",
                  "parentUUID": "e791c813-43eb-4134-99b3-9f5952d410a9",
                  "isHook": false,
                  "skipped": false
                },
                {
                  "title": "permite entrada de dados nos campos",
                  "fullTitle": "Página de Registro - Give.me Testes de Funcionalidades Existentes permite entrada de dados nos campos",
                  "timedOut": null,
                  "duration": 942,
                  "state": "passed",
                  "speed": "fast",
                  "pass": true,
                  "fail": false,
                  "pending": false,
                  "context": "{\n  \"title\": \"cypress-mochawesome-reporter-videos-passed\",\n  \"value\": \"cypress\\\\e2e\\\\Register.cy.js\"\n}",
                  "code": "cy.get('input[name=\"first_name\"]').type('Maria').should('have.value', 'Maria');\ncy.get('input[name=\"last_name\"]').type('Santos').should('have.value', 'Santos');\ncy.get('input[name=\"email\"]').type('teste@email.com').should('have.value', 'teste@email.com');",
                  "err": {},
                  "uuid": "03d22845-2fca-46e2-8c55-7abf1e255f1f",
                  "parentUUID": "e791c813-43eb-4134-99b3-9f5952d410a9",
                  "isHook": false,
                  "skipped": false
                },
                {
                  "title": "mantém botão de criar conta habilitado",
                  "fullTitle": "Página de Registro - Give.me Testes de Funcionalidades Existentes mantém botão de criar conta habilitado",
                  "timedOut": null,
                  "duration": 185,
                  "state": "passed",
                  "speed": "fast",
                  "pass": true,
                  "fail": false,
                  "pending": false,
                  "context": "{\n  \"title\": \"cypress-mochawesome-reporter-videos-passed\",\n  \"value\": \"cypress\\\\e2e\\\\Register.cy.js\"\n}",
                  "code": "cy.contains('button', 'Criar Conta').should('be.enabled');",
                  "err": {},
                  "uuid": "c687359e-9039-47c9-90d5-b811f313385b",
                  "parentUUID": "e791c813-43eb-4134-99b3-9f5952d410a9",
                  "isHook": false,
                  "skipped": false
                },
                {
                  "title": "exibe campo de primeiro nome como obrigatório",
                  "fullTitle": "Página de Registro - Give.me Testes de Funcionalidades Existentes exibe campo de primeiro nome como obrigatório",
                  "timedOut": null,
                  "duration": 195,
                  "state": "passed",
                  "speed": "fast",
                  "pass": true,
                  "fail": false,
                  "pending": false,
                  "context": "{\n  \"title\": \"cypress-mochawesome-reporter-videos-passed\",\n  \"value\": \"cypress\\\\e2e\\\\Register.cy.js\"\n}",
                  "code": "cy.get('input[name=\"first_name\"]').should('have.attr', 'required');",
                  "err": {},
                  "uuid": "214d607b-f954-4dd7-b663-8fd89bf966b5",
                  "parentUUID": "e791c813-43eb-4134-99b3-9f5952d410a9",
                  "isHook": false,
                  "skipped": false
                },
                {
                  "title": "exibe campo de sobrenome como obrigatório",
                  "fullTitle": "Página de Registro - Give.me Testes de Funcionalidades Existentes exibe campo de sobrenome como obrigatório",
                  "timedOut": null,
                  "duration": 185,
                  "state": "passed",
                  "speed": "fast",
                  "pass": true,
                  "fail": false,
                  "pending": false,
                  "context": "{\n  \"title\": \"cypress-mochawesome-reporter-videos-passed\",\n  \"value\": \"cypress\\\\e2e\\\\Register.cy.js\"\n}",
                  "code": "cy.get('input[name=\"last_name\"]').should('have.attr', 'required');",
                  "err": {},
                  "uuid": "6bf0b063-1717-4ad3-8ede-48f0ea735170",
                  "parentUUID": "e791c813-43eb-4134-99b3-9f5952d410a9",
                  "isHook": false,
                  "skipped": false
                },
                {
                  "title": "exibe campo de email como obrigatório",
                  "fullTitle": "Página de Registro - Give.me Testes de Funcionalidades Existentes exibe campo de email como obrigatório",
                  "timedOut": null,
                  "duration": 181,
                  "state": "passed",
                  "speed": "fast",
                  "pass": true,
                  "fail": false,
                  "pending": false,
                  "context": "{\n  \"title\": \"cypress-mochawesome-reporter-videos-passed\",\n  \"value\": \"cypress\\\\e2e\\\\Register.cy.js\"\n}",
                  "code": "cy.get('input[name=\"email\"]').should('have.attr', 'required');",
                  "err": {},
                  "uuid": "b6a854ac-c461-4890-a32e-e3c0e7bff9e4",
                  "parentUUID": "e791c813-43eb-4134-99b3-9f5952d410a9",
                  "isHook": false,
                  "skipped": false
                },
                {
                  "title": "exibe campo de senha como obrigatório",
                  "fullTitle": "Página de Registro - Give.me Testes de Funcionalidades Existentes exibe campo de senha como obrigatório",
                  "timedOut": null,
                  "duration": 180,
                  "state": "passed",
                  "speed": "fast",
                  "pass": true,
                  "fail": false,
                  "pending": false,
                  "context": "{\n  \"title\": \"cypress-mochawesome-reporter-videos-passed\",\n  \"value\": \"cypress\\\\e2e\\\\Register.cy.js\"\n}",
                  "code": "cy.get('input[name=\"password\"]').should('have.attr', 'required');",
                  "err": {},
                  "uuid": "35eb3fa5-25bc-4ce2-9177-f0cb0b971041",
                  "parentUUID": "e791c813-43eb-4134-99b3-9f5952d410a9",
                  "isHook": false,
                  "skipped": false
                },
                {
                  "title": "permite limpar campos preenchidos",
                  "fullTitle": "Página de Registro - Give.me Testes de Funcionalidades Existentes permite limpar campos preenchidos",
                  "timedOut": null,
                  "duration": 734,
                  "state": "passed",
                  "speed": "fast",
                  "pass": true,
                  "fail": false,
                  "pending": false,
                  "context": "{\n  \"title\": \"cypress-mochawesome-reporter-videos-passed\",\n  \"value\": \"cypress\\\\e2e\\\\Register.cy.js\"\n}",
                  "code": "cy.get('input[name=\"first_name\"]').type('Teste').clear().should('have.value', '');\ncy.get('input[name=\"last_name\"]').type('Teste').clear().should('have.value', '');",
                  "err": {},
                  "uuid": "0eb435e5-7414-4c10-bdcc-d763a89271be",
                  "parentUUID": "e791c813-43eb-4134-99b3-9f5952d410a9",
                  "isHook": false,
                  "skipped": false
                },
                {
                  "title": "mantém foco nos campos ao navegar",
                  "fullTitle": "Página de Registro - Give.me Testes de Funcionalidades Existentes mantém foco nos campos ao navegar",
                  "timedOut": null,
                  "duration": 190,
                  "state": "passed",
                  "speed": "fast",
                  "pass": true,
                  "fail": false,
                  "pending": false,
                  "context": "{\n  \"title\": \"cypress-mochawesome-reporter-videos-passed\",\n  \"value\": \"cypress\\\\e2e\\\\Register.cy.js\"\n}",
                  "code": "cy.get('input[name=\"first_name\"]').focus().should('be.focused');\ncy.get('input[name=\"last_name\"]').focus().should('be.focused');",
                  "err": {},
                  "uuid": "d0b4d0d9-5984-4ef3-a79b-e0ed6f0ae47c",
                  "parentUUID": "e791c813-43eb-4134-99b3-9f5952d410a9",
                  "isHook": false,
                  "skipped": false
                },
                {
                  "title": "exibe texto de link para login corretamente",
                  "fullTitle": "Página de Registro - Give.me Testes de Funcionalidades Existentes exibe texto de link para login corretamente",
                  "timedOut": null,
                  "duration": 222,
                  "state": "passed",
                  "speed": "fast",
                  "pass": true,
                  "fail": false,
                  "pending": false,
                  "context": "{\n  \"title\": \"cypress-mochawesome-reporter-videos-passed\",\n  \"value\": \"cypress\\\\e2e\\\\Register.cy.js\"\n}",
                  "code": "cy.contains('Já tem uma conta? Entrar').should('be.visible');",
                  "err": {},
                  "uuid": "2a4130b3-98eb-4adf-a7ac-81095cebf567",
                  "parentUUID": "e791c813-43eb-4134-99b3-9f5952d410a9",
                  "isHook": false,
                  "skipped": false
                },
                {
                  "title": "não exibe mensagens de erro inicialmente",
                  "fullTitle": "Página de Registro - Give.me Testes de Funcionalidades Existentes não exibe mensagens de erro inicialmente",
                  "timedOut": null,
                  "duration": 182,
                  "state": "passed",
                  "speed": "fast",
                  "pass": true,
                  "fail": false,
                  "pending": false,
                  "context": "{\n  \"title\": \"cypress-mochawesome-reporter-videos-passed\",\n  \"value\": \"cypress\\\\e2e\\\\Register.cy.js\"\n}",
                  "code": "cy.get('.error').should('not.exist');\ncy.get('.alert').should('not.exist');",
                  "err": {},
                  "uuid": "faac337d-3810-4d81-8665-79b4eff1502d",
                  "parentUUID": "e791c813-43eb-4134-99b3-9f5952d410a9",
                  "isHook": false,
                  "skipped": false
                }
              ],
              "suites": [],
              "passes": [
                "f96328db-600c-4540-93f3-41b743b59b6a",
                "b9e6dbc2-5387-44e6-9571-50c48cf780e9",
                "aae7b8b2-7d82-46c0-9b3c-cd9ed70d1091",
                "81207e93-2671-45e7-9d2d-1aae7ecc31a2",
                "bc41c7b1-4808-451d-87dc-6936cefa2c3a",
                "a3a7bf2b-95db-4f39-a871-d8f646bce48d",
                "5386af39-42b6-4966-8829-f41300800956",
                "487a52e5-4f7b-4ecc-acfd-f2dde227918e",
                "3ffdeb74-c19a-4023-acab-d46d18dcc9fa",
                "9fcc4862-f57d-4991-bb99-325434f10e22",
                "03d22845-2fca-46e2-8c55-7abf1e255f1f",
                "c687359e-9039-47c9-90d5-b811f313385b",
                "214d607b-f954-4dd7-b663-8fd89bf966b5",
                "6bf0b063-1717-4ad3-8ede-48f0ea735170",
                "b6a854ac-c461-4890-a32e-e3c0e7bff9e4",
                "35eb3fa5-25bc-4ce2-9177-f0cb0b971041",
                "0eb435e5-7414-4c10-bdcc-d763a89271be",
                "d0b4d0d9-5984-4ef3-a79b-e0ed6f0ae47c",
                "2a4130b3-98eb-4adf-a7ac-81095cebf567",
                "faac337d-3810-4d81-8665-79b4eff1502d"
              ],
              "failures": [],
              "pending": [],
              "skipped": [],
              "duration": 10500,
              "root": false,
              "rootEmpty": false,
              "_timeout": 2000
            },
            {
              "uuid": "49377df1-9944-429e-92ba-3cce15ef1ba0",
              "title": "Testes de Funcionalidades em Falta",
              "fullFile": "",
              "file": "",
              "beforeHooks": [],
              "afterHooks": [],
              "tests": [
                {
                  "title": "não realiza validação de email em tempo real",
                  "fullTitle": "Página de Registro - Give.me Testes de Funcionalidades em Falta não realiza validação de email em tempo real",
                  "timedOut": null,
                  "duration": 490,
                  "state": "passed",
                  "speed": "fast",
                  "pass": true,
                  "fail": false,
                  "pending": false,
                  "context": "{\n  \"title\": \"cypress-mochawesome-reporter-videos-passed\",\n  \"value\": \"cypress\\\\e2e\\\\Register.cy.js\"\n}",
                  "code": "cy.get('input[name=\"email\"]').type('email-invalido');\ncy.get('.error-message').should('not.exist');\ncy.contains('Email inválido').should('not.exist');\ncy.get('input[name=\"email\"]').should('have.value', 'email-invalido');",
                  "err": {},
                  "uuid": "f6652faf-71c7-45bc-bf11-21573fb1c9f7",
                  "parentUUID": "49377df1-9944-429e-92ba-3cce15ef1ba0",
                  "isHook": false,
                  "skipped": false
                },
                {
                  "title": "não exibe indicador de carregamento durante registro",
                  "fullTitle": "Página de Registro - Give.me Testes de Funcionalidades em Falta não exibe indicador de carregamento durante registro",
                  "timedOut": null,
                  "duration": 1161,
                  "state": "passed",
                  "speed": "fast",
                  "pass": true,
                  "fail": false,
                  "pending": false,
                  "context": "{\n  \"title\": \"cypress-mochawesome-reporter-videos-passed\",\n  \"value\": \"cypress\\\\e2e\\\\Register.cy.js\"\n}",
                  "code": "cy.get('.loading-spinner').should('not.exist');\ncy.contains('Criando conta...').should('not.exist');\ncy.get('input[name=\"first_name\"]').type('Teste');\ncy.get('input[name=\"last_name\"]').type('Usuário');\ncy.get('input[name=\"email\"]').type('teste@exemplo.com');\ncy.get('input[name=\"password\"]').type('senha123');\ncy.get('.loading-spinner').should('not.exist');\ncy.contains('Criando conta...').should('not.exist');\ncy.contains('button', 'Criar Conta').should('be.visible');",
                  "err": {},
                  "uuid": "9713f596-f466-4f5f-80d6-ce2834f8e87d",
                  "parentUUID": "49377df1-9944-429e-92ba-3cce15ef1ba0",
                  "isHook": false,
                  "skipped": false
                },
                {
                  "title": "não implementa mensagens de erro acessíveis",
                  "fullTitle": "Página de Registro - Give.me Testes de Funcionalidades em Falta não implementa mensagens de erro acessíveis",
                  "timedOut": null,
                  "duration": 889,
                  "state": "passed",
                  "speed": "fast",
                  "pass": true,
                  "fail": false,
                  "pending": false,
                  "context": "{\n  \"title\": \"cypress-mochawesome-reporter-videos-passed\",\n  \"value\": \"cypress\\\\e2e\\\\Register.cy.js\"\n}",
                  "code": "cy.get('[role=\"alert\"]').should('not.exist');\ncy.get('[aria-live=\"polite\"]').should('not.exist');\ncy.get('[aria-live=\"assertive\"]').should('not.exist');\ncy.get('input[name=\"first_name\"]').type('Teste');\ncy.get('input[name=\"last_name\"]').type('Usuário');\ncy.get('input[name=\"email\"]').type('emailinvalido');\ncy.get('[role=\"alert\"]').should('not.exist');\ncy.get('[aria-live=\"polite\"]').should('not.exist');",
                  "err": {},
                  "uuid": "59d4ef0b-2f8c-4222-8243-e585055fdb0b",
                  "parentUUID": "49377df1-9944-429e-92ba-3cce15ef1ba0",
                  "isHook": false,
                  "skipped": false
                },
                {
                  "title": "não verifica complexidade da senha",
                  "fullTitle": "Página de Registro - Give.me Testes de Funcionalidades em Falta não verifica complexidade da senha",
                  "timedOut": null,
                  "duration": 361,
                  "state": "passed",
                  "speed": "fast",
                  "pass": true,
                  "fail": false,
                  "pending": false,
                  "context": "{\n  \"title\": \"cypress-mochawesome-reporter-videos-passed\",\n  \"value\": \"cypress\\\\e2e\\\\Register.cy.js\"\n}",
                  "code": "cy.get('input[name=\"password\"]').type('123');\ncy.get('.password-strength').should('not.exist');\ncy.contains('Senha fraca').should('not.exist');\ncy.contains('button', 'Criar Conta').should('be.enabled');",
                  "err": {},
                  "uuid": "6706ee1b-f61b-4ab7-8654-d11c7c5a862a",
                  "parentUUID": "49377df1-9944-429e-92ba-3cce15ef1ba0",
                  "isHook": false,
                  "skipped": false
                },
                {
                  "title": "não solicita confirmação de senha",
                  "fullTitle": "Página de Registro - Give.me Testes de Funcionalidades em Falta não solicita confirmação de senha",
                  "timedOut": null,
                  "duration": 185,
                  "state": "passed",
                  "speed": "fast",
                  "pass": true,
                  "fail": false,
                  "pending": false,
                  "context": "{\n  \"title\": \"cypress-mochawesome-reporter-videos-passed\",\n  \"value\": \"cypress\\\\e2e\\\\Register.cy.js\"\n}",
                  "code": "cy.get('input[name=\"password\"]').should('exist');\ncy.get('input[name=\"password_confirmation\"]').should('not.exist');\ncy.contains('Confirmar senha').should('not.exist');",
                  "err": {},
                  "uuid": "426d5776-458c-49b7-bd63-b0d50e137499",
                  "parentUUID": "49377df1-9944-429e-92ba-3cce15ef1ba0",
                  "isHook": false,
                  "skipped": false
                }
              ],
              "suites": [],
              "passes": [
                "f6652faf-71c7-45bc-bf11-21573fb1c9f7",
                "9713f596-f466-4f5f-80d6-ce2834f8e87d",
                "59d4ef0b-2f8c-4222-8243-e585055fdb0b",
                "6706ee1b-f61b-4ab7-8654-d11c7c5a862a",
                "426d5776-458c-49b7-bd63-b0d50e137499"
              ],
              "failures": [],
              "pending": [],
              "skipped": [],
              "duration": 3086,
              "root": false,
              "rootEmpty": false,
              "_timeout": 2000
            }
          ],
          "passes": [],
          "failures": [],
          "pending": [],
          "skipped": [],
          "duration": 0,
          "root": false,
          "rootEmpty": false,
          "_timeout": 2000
        },
        {
          "uuid": "18a5530a-f84b-43cb-9f78-d84479ad5c37",
          "title": "Registro com Comandos Customizados",
          "fullFile": "",
          "file": "",
          "beforeHooks": [],
          "afterHooks": [],
          "tests": [
            {
              "title": "preenche formulário usando comandos personalizados",
              "fullTitle": "Registro com Comandos Customizados preenche formulário usando comandos personalizados",
              "timedOut": null,
              "duration": 1511,
              "state": "passed",
              "speed": "fast",
              "pass": true,
              "fail": false,
              "pending": false,
              "context": "{\n  \"title\": \"cypress-mochawesome-reporter-videos-passed\",\n  \"value\": \"cypress\\\\e2e\\\\Register.cy.js\"\n}",
              "code": "cy.preencherRegistro({\n  firstName: 'Pedro',\n  lastName: 'Alves',\n  email: 'pedro@exemplo.com',\n  password: 'senhasegura'\n});\ncy.get('input[name=\"first_name\"]').should('have.value', 'Pedro');\ncy.get('input[name=\"last_name\"]').should('have.value', 'Alves');\ncy.get('input[name=\"email\"]').should('have.value', 'pedro@exemplo.com');\ncy.get('input[name=\"password\"]').should('have.value', 'senhasegura');",
              "err": {},
              "uuid": "a6d6e1f0-1bc4-410f-bc7a-0c076233d501",
              "parentUUID": "18a5530a-f84b-43cb-9f78-d84479ad5c37",
              "isHook": false,
              "skipped": false
            }
          ],
          "suites": [],
          "passes": [
            "a6d6e1f0-1bc4-410f-bc7a-0c076233d501"
          ],
          "failures": [],
          "pending": [],
          "skipped": [],
          "duration": 1511,
          "root": false,
          "rootEmpty": false,
          "_timeout": 2000
        }
      ],
      "passes": [],
      "failures": [],
      "pending": [],
      "skipped": [],
      "duration": 0,
      "root": true,
      "rootEmpty": true,
      "_timeout": 2000
    }
  ],
  "meta": {
    "mocha": {
      "version": "7.2.0"
    },
    "mochawesome": {
      "options": {
        "quiet": false,
        "reportFilename": "mochawesome",
        "saveHtml": true,
        "saveJson": true,
        "consoleReporter": "spec",
        "useInlineDiffs": false,
        "code": true
      },
      "version": "7.1.4"
    },
    "marge": {
      "options": {
        "reportDir": "cypress/reports overwrite=false html=false json=true"
      },
      "version": "6.3.2"
    }
  }
}