{
  "stats": {
    "suites": 3,
    "tests": 4,
    "passes": 2,
    "pending": 0,
    "failures": 2,
    "start": "2025-11-24T16:41:43.104Z",
    "end": "2025-11-24T16:42:29.768Z",
    "duration": 46664,
    "testsRegistered": 19,
    "passPercent": 10.526315789473683,
    "pendingPercent": 0,
    "other": 0,
    "hasOther": false,
    "skipped": 15,
    "hasSkipped": true
  },
  "results": [
    {
      "uuid": "2e8d4376-21af-4871-9b67-dd4f9e5d9ad5",
      "title": "",
      "fullFile": "cypress\\e2e\\Create_Item.cy.js",
      "file": "cypress\\e2e\\Create_Item.cy.js",
      "beforeHooks": [],
      "afterHooks": [],
      "tests": [],
      "suites": [
        {
          "uuid": "b168168b-9ada-43f4-b732-f85a6f608e9c",
          "title": "Tela de Criação de Item - Give.me",
          "fullFile": "",
          "file": "",
          "beforeHooks": [],
          "afterHooks": [],
          "tests": [],
          "suites": [
            {
              "uuid": "df90ebee-48e1-4a80-8cc2-bc9e88080d8a",
              "title": "Testes de Funcionalidades Existentes",
              "fullFile": "",
              "file": "",
              "beforeHooks": [],
              "afterHooks": [],
              "tests": [
                {
                  "title": "permite entrada de dados no campo título",
                  "fullTitle": "Tela de Criação de Item - Give.me Testes de Funcionalidades Existentes permite entrada de dados no campo título",
                  "timedOut": null,
                  "duration": 10069,
                  "state": "passed",
                  "speed": "slow",
                  "pass": true,
                  "fail": false,
                  "pending": false,
                  "context": "{\n  \"title\": \"cypress-mochawesome-reporter-videos-passed\",\n  \"value\": \"cypress\\\\e2e\\\\Create_Item.cy.js\"\n}",
                  "code": "cy.get('input[placeholder*=\"Título do Item\"]', {\n  timeout: 10000\n}).type('Celular Samsung').should('have.value', 'Celular Samsung');",
                  "err": {},
                  "uuid": "ed22c1d1-8797-430b-836d-0c8d78ab4bfc",
                  "parentUUID": "df90ebee-48e1-4a80-8cc2-bc9e88080d8a",
                  "isHook": false,
                  "skipped": false
                },
                {
                  "title": "permite entrada de dados no campo descrição",
                  "fullTitle": "Tela de Criação de Item - Give.me Testes de Funcionalidades Existentes permite entrada de dados no campo descrição",
                  "timedOut": null,
                  "duration": 4945,
                  "state": "passed",
                  "speed": "fast",
                  "pass": true,
                  "fail": false,
                  "pending": false,
                  "context": "{\n  \"title\": \"cypress-mochawesome-reporter-videos-passed\",\n  \"value\": \"cypress\\\\e2e\\\\Create_Item.cy.js\"\n}",
                  "code": "cy.get('textarea[placeholder*=\"Descrição\"]', {\n  timeout: 10000\n}).type('Celular em bom estado').should('have.value', 'Celular em bom estado');",
                  "err": {},
                  "uuid": "c9ee3435-b362-419f-afc3-f733cde3adb1",
                  "parentUUID": "df90ebee-48e1-4a80-8cc2-bc9e88080d8a",
                  "isHook": false,
                  "skipped": false
                },
                {
                  "title": "permite entrada de dados no campo localização",
                  "fullTitle": "Tela de Criação de Item - Give.me Testes de Funcionalidades Existentes permite entrada de dados no campo localização",
                  "timedOut": null,
                  "duration": 15770,
                  "state": "failed",
                  "speed": null,
                  "pass": false,
                  "fail": true,
                  "pending": false,
                  "context": "[\n  {\n    \"title\": \"cypress-mochawesome-reporter-videos-failed\",\n    \"value\": \"cypress\\\\e2e\\\\Create_Item.cy.js\"\n  },\n  {\n    \"title\": \"cypress-mochawesome-reporter-screenshots\",\n    \"value\": [\n      [\n        \"\\\\Create_Item.cy.js\\\\Tela de Criação de Item - Give.me -- permite entrada de dados no campo localização -- before each hook (failed).png\"\n      ]\n    ]\n  }\n]",
                  "code": "cy.get('input[placeholder*=\"Cidade, Estado\"]', {\n  timeout: 10000\n}).type('São Paulo, SP').should('have.value', 'São Paulo, SP');",
                  "err": {
                    "message": "AssertionError: Timed out retrying after 15000ms: expected 'https://give-me.vercel.app/login' to not include '/login'\n\nBecause this error occurred during a `before each` hook we are skipping the remaining tests in the current suite: `Tela de Criação de Item - G...`",
                    "estack": "AssertionError: Timed out retrying after 15000ms: expected 'https://give-me.vercel.app/login' to not include '/login'\n\nBecause this error occurred during a `before each` hook we are skipping the remaining tests in the current suite: `Tela de Criação de Item - G...`\n    at Context.eval (webpack://frontend/./cypress/e2e/Create_Item.cy.js:19:31)",
                    "diff": null
                  },
                  "uuid": "edb3447e-3810-4009-a0db-15bc44fd6724",
                  "parentUUID": "df90ebee-48e1-4a80-8cc2-bc9e88080d8a",
                  "isHook": false,
                  "skipped": false
                },
                {
                  "title": "permite selecionar categoria",
                  "fullTitle": "Tela de Criação de Item - Give.me Testes de Funcionalidades Existentes permite selecionar categoria",
                  "timedOut": null,
                  "duration": 0,
                  "state": "skipped",
                  "speed": null,
                  "pass": false,
                  "fail": false,
                  "pending": false,
                  "context": null,
                  "code": "cy.get('select', {\n  timeout: 10000\n}).select('Eletrônicos').should('have.value', 'e4d9994f-c46e-4dc2-815c-9456adb4c9c0');",
                  "err": {},
                  "uuid": "1f4ad3b5-553c-4fb0-8186-566afb98fc28",
                  "parentUUID": "df90ebee-48e1-4a80-8cc2-bc9e88080d8a",
                  "isHook": false,
                  "skipped": true
                },
                {
                  "title": "permite selecionar tipo de anúncio Venda",
                  "fullTitle": "Tela de Criação de Item - Give.me Testes de Funcionalidades Existentes permite selecionar tipo de anúncio Venda",
                  "timedOut": null,
                  "duration": 0,
                  "state": "skipped",
                  "speed": null,
                  "pass": false,
                  "fail": false,
                  "pending": false,
                  "context": null,
                  "code": "cy.contains('button', 'Venda', {\n  timeout: 10000\n}).click();\ncy.contains('Preço', {\n  timeout: 10000\n}).should(\"be.visible\");",
                  "err": {},
                  "uuid": "16a41a95-6d10-447e-9d91-8359dde2bd92",
                  "parentUUID": "df90ebee-48e1-4a80-8cc2-bc9e88080d8a",
                  "isHook": false,
                  "skipped": true
                },
                {
                  "title": "permite selecionar tipo de anúncio Troca",
                  "fullTitle": "Tela de Criação de Item - Give.me Testes de Funcionalidades Existentes permite selecionar tipo de anúncio Troca",
                  "timedOut": null,
                  "duration": 0,
                  "state": "skipped",
                  "speed": null,
                  "pass": false,
                  "fail": false,
                  "pending": false,
                  "context": null,
                  "code": "cy.contains('button', 'Troca', {\n  timeout: 10000\n}).click();",
                  "err": {},
                  "uuid": "9d5b6fcf-e52b-4c2a-8de0-f38e18d045fe",
                  "parentUUID": "df90ebee-48e1-4a80-8cc2-bc9e88080d8a",
                  "isHook": false,
                  "skipped": true
                },
                {
                  "title": "permite selecionar tipo de anúncio Doação",
                  "fullTitle": "Tela de Criação de Item - Give.me Testes de Funcionalidades Existentes permite selecionar tipo de anúncio Doação",
                  "timedOut": null,
                  "duration": 0,
                  "state": "skipped",
                  "speed": null,
                  "pass": false,
                  "fail": false,
                  "pending": false,
                  "context": null,
                  "code": "cy.contains('button', 'Doação', {\n  timeout: 10000\n}).click();",
                  "err": {},
                  "uuid": "7e448d99-a4ac-4228-a9ba-6fd6054c0ae6",
                  "parentUUID": "df90ebee-48e1-4a80-8cc2-bc9e88080d8a",
                  "isHook": false,
                  "skipped": true
                },
                {
                  "title": "permite preencher preço quando Venda está selecionado",
                  "fullTitle": "Tela de Criação de Item - Give.me Testes de Funcionalidades Existentes permite preencher preço quando Venda está selecionado",
                  "timedOut": null,
                  "duration": 0,
                  "state": "skipped",
                  "speed": null,
                  "pass": false,
                  "fail": false,
                  "pending": false,
                  "context": null,
                  "code": "cy.contains('button', 'Venda', {\n  timeout: 10000\n}).click();\ncy.get('input[placeholder*=\"0,00\"]', {\n  timeout: 10000\n}).type('1500.00').should('have.value', '1500.00');",
                  "err": {},
                  "uuid": "202088fe-4ca5-4b09-9c87-7f8251d678e7",
                  "parentUUID": "df90ebee-48e1-4a80-8cc2-bc9e88080d8a",
                  "isHook": false,
                  "skipped": true
                },
                {
                  "title": "permite selecionar condição do produto",
                  "fullTitle": "Tela de Criação de Item - Give.me Testes de Funcionalidades Existentes permite selecionar condição do produto",
                  "timedOut": null,
                  "duration": 0,
                  "state": "skipped",
                  "speed": null,
                  "pass": false,
                  "fail": false,
                  "pending": false,
                  "context": null,
                  "code": "cy.contains('button', 'Novo', {\n  timeout: 10000\n}).click();\ncy.contains('button', 'Usado - Bom Estado', {\n  timeout: 10000\n}).click();\ncy.contains('button', 'Precisa de Reparo', {\n  timeout: 10000\n}).click();",
                  "err": {},
                  "uuid": "a8470ed5-facb-41ed-ba4b-44758445f0ce",
                  "parentUUID": "df90ebee-48e1-4a80-8cc2-bc9e88080d8a",
                  "isHook": false,
                  "skipped": true
                },
                {
                  "title": "valida campos obrigatórios do formulário",
                  "fullTitle": "Tela de Criação de Item - Give.me Testes de Funcionalidades Existentes valida campos obrigatórios do formulário",
                  "timedOut": null,
                  "duration": 0,
                  "state": "skipped",
                  "speed": null,
                  "pass": false,
                  "fail": false,
                  "pending": false,
                  "context": null,
                  "code": "cy.get('input[placeholder*=\"Título do Item\"]', {\n  timeout: 10000\n}).should('have.attr', 'required');\ncy.get('textarea[placeholder*=\"Descrição\"]', {\n  timeout: 10000\n}).should('have.attr', 'required');",
                  "err": {},
                  "uuid": "ad8b70d5-b178-4b54-98ab-21a62632f330",
                  "parentUUID": "df90ebee-48e1-4a80-8cc2-bc9e88080d8a",
                  "isHook": false,
                  "skipped": true
                },
                {
                  "title": "mantém botão de publicar habilitado",
                  "fullTitle": "Tela de Criação de Item - Give.me Testes de Funcionalidades Existentes mantém botão de publicar habilitado",
                  "timedOut": null,
                  "duration": 0,
                  "state": "skipped",
                  "speed": null,
                  "pass": false,
                  "fail": false,
                  "pending": false,
                  "context": null,
                  "code": "cy.contains('button', 'Publicar Item', {\n  timeout: 10000\n}).should('be.enabled');",
                  "err": {},
                  "uuid": "336c6fe6-239a-4b44-985f-99fb7cb48130",
                  "parentUUID": "df90ebee-48e1-4a80-8cc2-bc9e88080d8a",
                  "isHook": false,
                  "skipped": true
                },
                {
                  "title": "apresenta placeholders nos campos de entrada",
                  "fullTitle": "Tela de Criação de Item - Give.me Testes de Funcionalidades Existentes apresenta placeholders nos campos de entrada",
                  "timedOut": null,
                  "duration": 0,
                  "state": "skipped",
                  "speed": null,
                  "pass": false,
                  "fail": false,
                  "pending": false,
                  "context": null,
                  "code": "cy.get('input[placeholder*=\"Título do Item\"]', {\n  timeout: 10000\n}).should('have.attr', 'placeholder');\ncy.get('textarea[placeholder*=\"Descrição\"]', {\n  timeout: 10000\n}).should('have.attr', 'placeholder');\ncy.get('input[placeholder*=\"Cidade, Estado\"]', {\n  timeout: 10000\n}).should('have.attr', 'placeholder');\ncy.get('input[placeholder*=\"0,00\"]', {\n  timeout: 10000\n}).should('have.attr', 'placeholder');",
                  "err": {},
                  "uuid": "a9ccfa67-4a6d-4b42-9160-a8a16e008145",
                  "parentUUID": "df90ebee-48e1-4a80-8cc2-bc9e88080d8a",
                  "isHook": false,
                  "skipped": true
                },
                {
                  "title": "permite limpar campos preenchidos",
                  "fullTitle": "Tela de Criação de Item - Give.me Testes de Funcionalidades Existentes permite limpar campos preenchidos",
                  "timedOut": null,
                  "duration": 0,
                  "state": "skipped",
                  "speed": null,
                  "pass": false,
                  "fail": false,
                  "pending": false,
                  "context": null,
                  "code": "cy.get('input[placeholder*=\"Título do Item\"]', {\n  timeout: 10000\n}).type('teste').clear().should('have.value', '');\ncy.get('textarea[placeholder*=\"Descrição\"]', {\n  timeout: 10000\n}).type('teste').clear().should('have.value', '');",
                  "err": {},
                  "uuid": "1f569a28-f27d-4849-a0e5-8a0b53b288cb",
                  "parentUUID": "df90ebee-48e1-4a80-8cc2-bc9e88080d8a",
                  "isHook": false,
                  "skipped": true
                },
                {
                  "title": "não exibe mensagens de erro inicialmente",
                  "fullTitle": "Tela de Criação de Item - Give.me Testes de Funcionalidades Existentes não exibe mensagens de erro inicialmente",
                  "timedOut": null,
                  "duration": 0,
                  "state": "skipped",
                  "speed": null,
                  "pass": false,
                  "fail": false,
                  "pending": false,
                  "context": null,
                  "code": "cy.get('.error', {\n  timeout: 5000\n}).should('not.exist');\ncy.get('.alert', {\n  timeout: 5000\n}).should('not.exist');",
                  "err": {},
                  "uuid": "5e96bd5a-c025-4d70-8c5e-b13df364962e",
                  "parentUUID": "df90ebee-48e1-4a80-8cc2-bc9e88080d8a",
                  "isHook": false,
                  "skipped": true
                },
                {
                  "title": "mantém layout consistente ao recarregar",
                  "fullTitle": "Tela de Criação de Item - Give.me Testes de Funcionalidades Existentes mantém layout consistente ao recarregar",
                  "timedOut": null,
                  "duration": 0,
                  "state": "skipped",
                  "speed": null,
                  "pass": false,
                  "fail": false,
                  "pending": false,
                  "context": null,
                  "code": "cy.reload();\ncy.contains('Cadastrar novo produto', {\n  timeout: 10000\n}).should('be.visible');\ncy.contains('Informações do Item', {\n  timeout: 10000\n}).should('be.visible');",
                  "err": {},
                  "uuid": "23dafbd2-c1b4-41e4-b16a-c58fdd59e296",
                  "parentUUID": "df90ebee-48e1-4a80-8cc2-bc9e88080d8a",
                  "isHook": false,
                  "skipped": true
                },
                {
                  "title": "exibe botão de voltar",
                  "fullTitle": "Tela de Criação de Item - Give.me Testes de Funcionalidades Existentes exibe botão de voltar",
                  "timedOut": null,
                  "duration": 0,
                  "state": "skipped",
                  "speed": null,
                  "pass": false,
                  "fail": false,
                  "pending": false,
                  "context": null,
                  "code": "cy.get('button[aria-label=\"voltar\"]', {\n  timeout: 10000\n}).should('be.visible');",
                  "err": {},
                  "uuid": "51956abb-25b2-451b-8bb7-b42cdf848df0",
                  "parentUUID": "df90ebee-48e1-4a80-8cc2-bc9e88080d8a",
                  "isHook": false,
                  "skipped": true
                }
              ],
              "suites": [],
              "passes": [
                "ed22c1d1-8797-430b-836d-0c8d78ab4bfc",
                "c9ee3435-b362-419f-afc3-f733cde3adb1"
              ],
              "failures": [
                "edb3447e-3810-4009-a0db-15bc44fd6724"
              ],
              "pending": [],
              "skipped": [
                "1f4ad3b5-553c-4fb0-8186-566afb98fc28",
                "16a41a95-6d10-447e-9d91-8359dde2bd92",
                "9d5b6fcf-e52b-4c2a-8de0-f38e18d045fe",
                "7e448d99-a4ac-4228-a9ba-6fd6054c0ae6",
                "202088fe-4ca5-4b09-9c87-7f8251d678e7",
                "a8470ed5-facb-41ed-ba4b-44758445f0ce",
                "ad8b70d5-b178-4b54-98ab-21a62632f330",
                "336c6fe6-239a-4b44-985f-99fb7cb48130",
                "a9ccfa67-4a6d-4b42-9160-a8a16e008145",
                "1f569a28-f27d-4849-a0e5-8a0b53b288cb",
                "5e96bd5a-c025-4d70-8c5e-b13df364962e",
                "23dafbd2-c1b4-41e4-b16a-c58fdd59e296",
                "51956abb-25b2-451b-8bb7-b42cdf848df0"
              ],
              "duration": 30784,
              "root": false,
              "rootEmpty": false,
              "_timeout": 2000
            },
            {
              "uuid": "51f49763-7ed5-4b56-ba5c-7085966df05d",
              "title": "Testes de Funcionalidades em Falta",
              "fullFile": "",
              "file": "",
              "beforeHooks": [],
              "afterHooks": [],
              "tests": [
                {
                  "title": "não implementa mensagens de erro acessíveis",
                  "fullTitle": "Tela de Criação de Item - Give.me Testes de Funcionalidades em Falta não implementa mensagens de erro acessíveis",
                  "timedOut": null,
                  "duration": 0,
                  "state": "skipped",
                  "speed": null,
                  "pass": false,
                  "fail": false,
                  "pending": false,
                  "context": null,
                  "code": "cy.get('[role=\"alert\"]', {\n  timeout: 5000\n}).should('not.exist');\ncy.get('[aria-live=\"polite\"]', {\n  timeout: 5000\n}).should('not.exist');\ncy.get('[aria-live=\"assertive\"]', {\n  timeout: 5000\n}).should('not.exist');",
                  "err": {},
                  "uuid": "61be1e7c-7e25-4795-9524-46ff0807f75c",
                  "parentUUID": null,
                  "isHook": false,
                  "skipped": true
                },
                {
                  "title": "não valida formato do preço em tempo real",
                  "fullTitle": "Tela de Criação de Item - Give.me Testes de Funcionalidades em Falta não valida formato do preço em tempo real",
                  "timedOut": null,
                  "duration": 0,
                  "state": "skipped",
                  "speed": null,
                  "pass": false,
                  "fail": false,
                  "pending": false,
                  "context": null,
                  "code": "cy.contains('button', 'Venda', {\n  timeout: 10000\n}).click();\ncy.get('input[placeholder*=\"0,00\"]', {\n  timeout: 10000\n}).type('abc').should('have.value', 'abc');",
                  "err": {},
                  "uuid": "6eb09317-b755-4b78-8589-aeef18bb811f",
                  "parentUUID": null,
                  "isHook": false,
                  "skipped": true
                }
              ],
              "suites": [],
              "passes": [],
              "failures": [],
              "pending": [],
              "skipped": [
                "61be1e7c-7e25-4795-9524-46ff0807f75c",
                "6eb09317-b755-4b78-8589-aeef18bb811f"
              ],
              "duration": 0,
              "root": false,
              "rootEmpty": false,
              "_timeout": 2000
            }
          ],
          "passes": [],
          "failures": [],
          "pending": [],
          "skipped": [],
          "duration": 0,
          "root": false,
          "rootEmpty": false,
          "_timeout": 2000
        },
        {
          "uuid": "22f70c50-c67f-4431-aeb9-508ce0b39edf",
          "title": "Criação de Item com Comandos Customizados",
          "fullFile": "",
          "file": "",
          "beforeHooks": [],
          "afterHooks": [],
          "tests": [
            {
              "title": "preenche formulário básico usando comandos personalizados",
              "fullTitle": "Criação de Item com Comandos Customizados preenche formulário básico usando comandos personalizados",
              "timedOut": null,
              "duration": 15731,
              "state": "failed",
              "speed": null,
              "pass": false,
              "fail": true,
              "pending": false,
              "context": "[\n  {\n    \"title\": \"cypress-mochawesome-reporter-videos-failed\",\n    \"value\": \"cypress\\\\e2e\\\\Create_Item.cy.js\"\n  },\n  {\n    \"title\": \"cypress-mochawesome-reporter-screenshots\",\n    \"value\": [\n      [\n        \"\\\\Create_Item.cy.js\\\\Criação de Item com Comandos Customizados -- preenche formulário básico usando comandos personalizados -- before each hook (failed).png\"\n      ]\n    ]\n  }\n]",
              "code": "cy.preencherItemBasico('Notebook Dell', 'Notebook em perfeito estado', 'Belo Horizonte, MG');\ncy.get('input[placeholder*=\"Título do Item\"]', {\n  timeout: 10000\n}).should('have.value', 'Notebook Dell');\ncy.get('textarea[placeholder*=\"Descrição\"]', {\n  timeout: 10000\n}).should('have.value', 'Notebook em perfeito estado');\ncy.get('input[placeholder*=\"Cidade, Estado\"]', {\n  timeout: 10000\n}).should('have.value', 'Belo Horizonte, MG');",
              "err": {
                "message": "AssertionError: Timed out retrying after 15000ms: expected 'https://give-me.vercel.app/login' to not include '/login'\n\nBecause this error occurred during a `before each` hook we are skipping the remaining tests in the current suite: `Criação de Item com Comando...`",
                "estack": "AssertionError: Timed out retrying after 15000ms: expected 'https://give-me.vercel.app/login' to not include '/login'\n\nBecause this error occurred during a `before each` hook we are skipping the remaining tests in the current suite: `Criação de Item com Comando...`\n    at Context.eval (webpack://frontend/./cypress/e2e/Create_Item.cy.js:166:31)",
                "diff": null
              },
              "uuid": "dadd77e6-3f9c-41a1-a35a-cda5ad9ebd51",
              "parentUUID": "22f70c50-c67f-4431-aeb9-508ce0b39edf",
              "isHook": false,
              "skipped": false
            }
          ],
          "suites": [],
          "passes": [],
          "failures": [
            "dadd77e6-3f9c-41a1-a35a-cda5ad9ebd51"
          ],
          "pending": [],
          "skipped": [],
          "duration": 15731,
          "root": false,
          "rootEmpty": false,
          "_timeout": 2000
        }
      ],
      "passes": [],
      "failures": [],
      "pending": [],
      "skipped": [],
      "duration": 0,
      "root": true,
      "rootEmpty": true,
      "_timeout": 2000
    }
  ],
  "meta": {
    "mocha": {
      "version": "7.2.0"
    },
    "mochawesome": {
      "options": {
        "quiet": false,
        "reportFilename": "mochawesome",
        "saveHtml": true,
        "saveJson": true,
        "consoleReporter": "spec",
        "useInlineDiffs": false,
        "code": true
      },
      "version": "7.1.4"
    },
    "marge": {
      "options": {
        "reportDir": "cypress/reports overwrite=false html=false json=true"
      },
      "version": "6.3.2"
    }
  }
}