{
  "stats": {
    "suites": 2,
    "tests": 23,
    "passes": 16,
    "pending": 0,
    "failures": 7,
    "start": "2025-10-21T11:05:37.618Z",
    "end": "2025-10-21T11:06:14.577Z",
    "duration": 36959,
    "testsRegistered": 23,
    "passPercent": 69.56521739130434,
    "pendingPercent": 0,
    "other": 0,
    "hasOther": false,
    "skipped": 0,
    "hasSkipped": false
  },
  "results": [
    {
      "uuid": "4ec576e3-fec4-41e8-96ae-db38a3c5708f",
      "title": "",
      "fullFile": "cypress\\e2e\\Login.cy.js",
      "file": "cypress\\e2e\\Login.cy.js",
      "beforeHooks": [],
      "afterHooks": [],
      "tests": [],
      "suites": [
        {
          "uuid": "142aaaf4-2547-4c5e-b5dd-ee52fea194ae",
          "title": "Login",
          "fullFile": "",
          "file": "",
          "beforeHooks": [],
          "afterHooks": [],
          "tests": [
            {
              "title": "credenciais invalidas -> alerta",
              "fullTitle": "Login credenciais invalidas -> alerta",
              "timedOut": null,
              "duration": 1201,
              "state": "passed",
              "speed": "fast",
              "pass": true,
              "fail": false,
              "pending": false,
              "context": "{\n  \"title\": \"cypress-mochawesome-reporter-videos-passed\",\n  \"value\": \"cypress\\\\e2e\\\\Login.cy.js\"\n}",
              "code": "cy.intercept('POST', LOGIN_URL, {\n  statusCode: 401,\n  body: {\n    detail: 'Invalid credentials'\n  }\n}).as('loginFail');\ncy.window().then(win => cy.stub(win, 'alert').as('alert'));\ntypeLogin('admin@example.com', 'wrong');\ncy.get('form.login-form button.form-button[type=\"submit\"]').click();\ncy.wait('@loginFail');\ncy.get('@alert').should('have.been.called');\ncy.get('@alert').should('have.been.calledWithMatch', /invalid|inválid/i);\ncy.location('pathname').should('include', 'login');",
              "err": {},
              "uuid": "46b3c23d-579e-49d6-8f10-84f526f0585b",
              "parentUUID": "142aaaf4-2547-4c5e-b5dd-ee52fea194ae",
              "isHook": false,
              "skipped": false
            },
            {
              "title": "sucesso -> redireciona",
              "fullTitle": "Login sucesso -> redireciona",
              "timedOut": null,
              "duration": 1040,
              "state": "passed",
              "speed": "fast",
              "pass": true,
              "fail": false,
              "pending": false,
              "context": "{\n  \"title\": \"cypress-mochawesome-reporter-videos-passed\",\n  \"value\": \"cypress\\\\e2e\\\\Login.cy.js\"\n}",
              "code": "cy.intercept('POST', LOGIN_URL, {\n  statusCode: 200,\n  headers: {\n    'content-type': 'application/json'\n  },\n  body: {\n    access: 'fake-access-token',\n    refresh: 'fake-refresh-token'\n  }\n}).as('loginOk');\ntypeLogin('admin@example.com', 'Pass12345!');\ncy.get('form.login-form button.form-button[type=\"submit\"]').click();\ncy.wait('@loginOk');\ncy.location('pathname').should('not.include', 'login');",
              "err": {},
              "uuid": "23e51a4e-f2bf-4d6e-b90a-1c60aefdd2e3",
              "parentUUID": "142aaaf4-2547-4c5e-b5dd-ee52fea194ae",
              "isHook": false,
              "skipped": false
            },
            {
              "title": "erro 500 -> alerta",
              "fullTitle": "Login erro 500 -> alerta",
              "timedOut": null,
              "duration": 1014,
              "state": "passed",
              "speed": "fast",
              "pass": true,
              "fail": false,
              "pending": false,
              "context": "{\n  \"title\": \"cypress-mochawesome-reporter-videos-passed\",\n  \"value\": \"cypress\\\\e2e\\\\Login.cy.js\"\n}",
              "code": "cy.intercept('POST', LOGIN_URL, {\n  statusCode: 500,\n  body: {\n    detail: 'Server error'\n  }\n}).as('serverErr');\ncy.window().then(win => cy.stub(win, 'alert').as('alert'));\ntypeLogin('admin@example.com', 'Pass12345!');\ncy.get('form.login-form button.form-button[type=\"submit\"]').click();\ncy.wait('@serverErr');\ncy.get('@alert').should('have.been.calledWithMatch', /erro|servidor|tente novamente/i);\ncy.location('pathname').should('include', 'login');",
              "err": {},
              "uuid": "8dabf05f-0392-402a-9550-0a8263855f41",
              "parentUUID": "142aaaf4-2547-4c5e-b5dd-ee52fea194ae",
              "isHook": false,
              "skipped": false
            },
            {
              "title": "validacao 400 -> alerta",
              "fullTitle": "Login validacao 400 -> alerta",
              "timedOut": null,
              "duration": 215,
              "state": "passed",
              "speed": "fast",
              "pass": true,
              "fail": false,
              "pending": false,
              "context": "{\n  \"title\": \"cypress-mochawesome-reporter-videos-passed\",\n  \"value\": \"cypress\\\\e2e\\\\Login.cy.js\"\n}",
              "code": "cy.intercept('POST', LOGIN_URL, {\n  statusCode: 400,\n  body: {\n    username: ['Este campo é obrigatório.'],\n    password: ['Este campo é obrigatório.']\n  }\n}).as('badReq');\ncy.window().then(win => cy.stub(win, 'alert').as('alert'));\n// Desliga validacao nativa p/ permitir o POST sem campos\ncy.get('form.login-form').invoke('attr', 'novalidate', 'novalidate');\ncy.get('input[name=\"username\"]').invoke('prop', 'required', false);\ncy.get('input[name=\"password\"]').invoke('prop', 'required', false);\ncy.get('form.login-form button.form-button[type=\"submit\"]').click();\ncy.wait('@badReq');\ncy.get('@alert').should('have.been.called');\ncy.location('pathname').should('include', 'login');",
              "err": {},
              "uuid": "1f37c77d-ef21-46c2-b04f-c3b6d9deddfa",
              "parentUUID": "142aaaf4-2547-4c5e-b5dd-ee52fea194ae",
              "isHook": false,
              "skipped": false
            },
            {
              "title": "401 sem detail -> alerta",
              "fullTitle": "Login 401 sem detail -> alerta",
              "timedOut": null,
              "duration": 922,
              "state": "passed",
              "speed": "fast",
              "pass": true,
              "fail": false,
              "pending": false,
              "context": "{\n  \"title\": \"cypress-mochawesome-reporter-videos-passed\",\n  \"value\": \"cypress\\\\e2e\\\\Login.cy.js\"\n}",
              "code": "cy.intercept('POST', LOGIN_URL, {\n  statusCode: 401,\n  body: {\n    error: 'no-detail'\n  }\n}).as('weird');\ncy.window().then(win => cy.stub(win, 'alert').as('alert'));\ntypeLogin('admin@example.com', 'wrong');\ncy.get('form.login-form button.form-button[type=\"submit\"]').click();\ncy.wait('@weird');\ncy.get('@alert').should('have.been.called');\ncy.location('pathname').should('include', 'login');",
              "err": {},
              "uuid": "3d0ea775-aac8-455c-aa6b-fb2c37b5d932",
              "parentUUID": "142aaaf4-2547-4c5e-b5dd-ee52fea194ae",
              "isHook": false,
              "skipped": false
            },
            {
              "title": "link cadastro funciona",
              "fullTitle": "Login link cadastro funciona",
              "timedOut": null,
              "duration": 199,
              "state": "passed",
              "speed": "fast",
              "pass": true,
              "fail": false,
              "pending": false,
              "context": "{\n  \"title\": \"cypress-mochawesome-reporter-videos-passed\",\n  \"value\": \"cypress\\\\e2e\\\\Login.cy.js\"\n}",
              "code": "cy.contains('a', /sign\\s*up|criar\\s*conta/i).click({\n  force: true\n});\ncy.location('pathname').should('match', /register|signup|sign\\-up|cadastro/i);",
              "err": {},
              "uuid": "6d20cd29-263d-4bdd-a1f8-3e53be8bdffb",
              "parentUUID": "142aaaf4-2547-4c5e-b5dd-ee52fea194ae",
              "isHook": false,
              "skipped": false
            },
            {
              "title": "senha oculta por padrao (toggle se existir)",
              "fullTitle": "Login senha oculta por padrao (toggle se existir)",
              "timedOut": null,
              "duration": 100,
              "state": "passed",
              "speed": "fast",
              "pass": true,
              "fail": false,
              "pending": false,
              "context": "{\n  \"title\": \"cypress-mochawesome-reporter-videos-passed\",\n  \"value\": \"cypress\\\\e2e\\\\Login.cy.js\"\n}",
              "code": "cy.get('form.login-form input[name=\"password\"]').should('have.attr', 'type', 'password');\ncy.get('body').then($b => {\n  const selectors = ['[data-cy=\"toggle-password\"]', 'button[aria-label*=\"mostrar\"]', 'button[aria-label*=\"show\"]', '.password-toggle', 'button:contains(\"Mostrar\")', 'button:contains(\"Show\")'];\n  const found = selectors.find(s => $b.find(s).length > 0);\n  if (found) {\n    cy.get(found).click();\n    cy.get('form.login-form input[name=\"password\"]').should('have.attr', 'type', 'text');\n  }\n});",
              "err": {},
              "uuid": "aed00aef-1a71-453a-a39f-080b381d853e",
              "parentUUID": "142aaaf4-2547-4c5e-b5dd-ee52fea194ae",
              "isHook": false,
              "skipped": false
            },
            {
              "title": "required bloqueia username vazio",
              "fullTitle": "Login required bloqueia username vazio",
              "timedOut": null,
              "duration": 805,
              "state": "passed",
              "speed": "fast",
              "pass": true,
              "fail": false,
              "pending": false,
              "context": "{\n  \"title\": \"cypress-mochawesome-reporter-videos-passed\",\n  \"value\": \"cypress\\\\e2e\\\\Login.cy.js\"\n}",
              "code": "cy.intercept('POST', LOGIN_URL, () => {\n  throw new Error('Nao deveria chamar API com username vazio (required)');\n}).as('guard');\ncy.get('form.login-form input[name=\"username\"]').clear(); // vazio\ncy.get('form.login-form input[name=\"password\"]').clear().type('Pass12345!');\ncy.get('form.login-form button.form-button[type=\"submit\"]').click();\ncy.get('form.login-form').then($f => expect($f[0].checkValidity()).to.eq(false));\ncy.get('form.login-form input[name=\"username\"]').then($i => expect($i[0].checkValidity()).to.eq(false));\ncy.location('pathname').should('include', 'login');\ncy.wait(100);",
              "err": {},
              "uuid": "e45eede4-cf3a-42e2-aa15-25956e983cdb",
              "parentUUID": "142aaaf4-2547-4c5e-b5dd-ee52fea194ae",
              "isHook": false,
              "skipped": false
            },
            {
              "title": "required bloqueia password vazio",
              "fullTitle": "Login required bloqueia password vazio",
              "timedOut": null,
              "duration": 894,
              "state": "passed",
              "speed": "fast",
              "pass": true,
              "fail": false,
              "pending": false,
              "context": "{\n  \"title\": \"cypress-mochawesome-reporter-videos-passed\",\n  \"value\": \"cypress\\\\e2e\\\\Login.cy.js\"\n}",
              "code": "cy.intercept('POST', LOGIN_URL, () => {\n  throw new Error('Nao deveria chamar API com password vazio (required)');\n}).as('guard');\ncy.get('form.login-form input[name=\"username\"]').clear().type('admin@example.com');\ncy.get('form.login-form input[name=\"password\"]').clear(); // vazio\ncy.get('form.login-form button.form-button[type=\"submit\"]').click();\ncy.get('form.login-form').then($f => expect($f[0].checkValidity()).to.eq(false));\ncy.get('form.login-form input[name=\"password\"]').then($i => expect($i[0].checkValidity()).to.eq(false));\ncy.location('pathname').should('include', 'login');\ncy.wait(100);",
              "err": {},
              "uuid": "82073b35-f730-4a0d-b8b0-e601d72ae6b5",
              "parentUUID": "142aaaf4-2547-4c5e-b5dd-ee52fea194ae",
              "isHook": false,
              "skipped": false
            },
            {
              "title": "enter no password envia",
              "fullTitle": "Login enter no password envia",
              "timedOut": null,
              "duration": 895,
              "state": "passed",
              "speed": "fast",
              "pass": true,
              "fail": false,
              "pending": false,
              "context": "{\n  \"title\": \"cypress-mochawesome-reporter-videos-passed\",\n  \"value\": \"cypress\\\\e2e\\\\Login.cy.js\"\n}",
              "code": "cy.intercept('POST', LOGIN_URL, {\n  statusCode: 200,\n  body: {\n    access: 'fake-access-token',\n    refresh: 'fake-refresh-token'\n  }\n}).as('loginOkEnter');\ncy.get('form.login-form input[name=\"username\"]').clear().type('admin@example.com');\ncy.get('form.login-form input[name=\"password\"]').clear().type('Pass12345!{enter}');\ncy.wait('@loginOkEnter');",
              "err": {},
              "uuid": "3117f4ff-c304-45db-a382-9b35e2d1830a",
              "parentUUID": "142aaaf4-2547-4c5e-b5dd-ee52fea194ae",
              "isHook": false,
              "skipped": false
            },
            {
              "title": "payload correto",
              "fullTitle": "Login payload correto",
              "timedOut": null,
              "duration": 959,
              "state": "passed",
              "speed": "fast",
              "pass": true,
              "fail": false,
              "pending": false,
              "context": "{\n  \"title\": \"cypress-mochawesome-reporter-videos-passed\",\n  \"value\": \"cypress\\\\e2e\\\\Login.cy.js\"\n}",
              "code": "cy.intercept('POST', LOGIN_URL, req => {\n  expect(req.method).to.eq('POST');\n  expect(req.body).to.have.property('username', 'admin@example.com');\n  expect(req.body).to.have.property('password');\n  req.reply({\n    statusCode: 200,\n    body: {\n      access: 'fake-access-token',\n      refresh: 'fake-refresh-token'\n    }\n  });\n}).as('loginPayload');\ntypeLogin('admin@example.com', 'Pass12345!');\ncy.get('form.login-form button.form-button[type=\"submit\"]').click();\ncy.wait('@loginPayload');",
              "err": {},
              "uuid": "412876df-4e67-400b-b35a-1f1d98fa982c",
              "parentUUID": "142aaaf4-2547-4c5e-b5dd-ee52fea194ae",
              "isHook": false,
              "skipped": false
            },
            {
              "title": "endpoint url ok",
              "fullTitle": "Login endpoint url ok",
              "timedOut": null,
              "duration": 960,
              "state": "passed",
              "speed": "fast",
              "pass": true,
              "fail": false,
              "pending": false,
              "context": "{\n  \"title\": \"cypress-mochawesome-reporter-videos-passed\",\n  \"value\": \"cypress\\\\e2e\\\\Login.cy.js\"\n}",
              "code": "cy.intercept('POST', LOGIN_URL, req => {\n  expect(req.url).to.match(/\\/api\\/users\\/login\\/?/);\n  req.reply({\n    statusCode: 200,\n    body: {\n      access: 'fake-access-token',\n      refresh: 'fake-refresh-token'\n    }\n  });\n}).as('loginUrl');\ntypeLogin('admin@example.com', 'Pass12345!');\ncy.get('form.login-form button.form-button[type=\"submit\"]').click();\ncy.wait('@loginUrl');",
              "err": {},
              "uuid": "59d83f61-6542-4204-944b-209fb2f59e9c",
              "parentUUID": "142aaaf4-2547-4c5e-b5dd-ee52fea194ae",
              "isHook": false,
              "skipped": false
            },
            {
              "title": "username com espacos tolerante",
              "fullTitle": "Login username com espacos tolerante",
              "timedOut": null,
              "duration": 985,
              "state": "passed",
              "speed": "fast",
              "pass": true,
              "fail": false,
              "pending": false,
              "context": "{\n  \"title\": \"cypress-mochawesome-reporter-videos-passed\",\n  \"value\": \"cypress\\\\e2e\\\\Login.cy.js\"\n}",
              "code": "cy.intercept('POST', LOGIN_URL, req => {\n  var _req$body;\n  const u = String(((_req$body = req.body) === null || _req$body === void 0 ? void 0 : _req$body.username) || '');\n  expect(u.replace(/\\s/g, '')).to.eq('admin@example.com');\n  req.reply({\n    statusCode: 200,\n    body: {\n      access: 'fake-access-token',\n      refresh: 'fake-refresh-token'\n    }\n  });\n}).as('loginTrimTol');\ntypeLogin('  admin@example.com  ', 'Pass12345!');\ncy.get('form.login-form button.form-button[type=\"submit\"]').click();\ncy.wait('@loginTrimTol');",
              "err": {},
              "uuid": "3e99af52-18d4-40a6-ab18-e9aee6410576",
              "parentUUID": "142aaaf4-2547-4c5e-b5dd-ee52fea194ae",
              "isHook": false,
              "skipped": false
            },
            {
              "title": "401 pt en -> alerta",
              "fullTitle": "Login 401 pt en -> alerta",
              "timedOut": null,
              "duration": 890,
              "state": "passed",
              "speed": "fast",
              "pass": true,
              "fail": false,
              "pending": false,
              "context": "{\n  \"title\": \"cypress-mochawesome-reporter-videos-passed\",\n  \"value\": \"cypress\\\\e2e\\\\Login.cy.js\"\n}",
              "code": "cy.intercept('POST', LOGIN_URL, {\n  statusCode: 401,\n  body: {\n    detail: 'Credenciais inválidas'\n  }\n}).as('pt401');\ncy.window().then(win => cy.stub(win, 'alert').as('alert'));\ntypeLogin('admin@example.com', 'wrong');\ncy.get('form.login-form button.form-button[type=\"submit\"]').click();\ncy.wait('@pt401');\ncy.get('@alert').should('have.been.called');",
              "err": {},
              "uuid": "aae6214d-1541-4afa-b149-afc61c7e1317",
              "parentUUID": "142aaaf4-2547-4c5e-b5dd-ee52fea194ae",
              "isHook": false,
              "skipped": false
            },
            {
              "title": "erro de rede -> alerta",
              "fullTitle": "Login erro de rede -> alerta",
              "timedOut": null,
              "duration": 1264,
              "state": "passed",
              "speed": "fast",
              "pass": true,
              "fail": false,
              "pending": false,
              "context": "{\n  \"title\": \"cypress-mochawesome-reporter-videos-passed\",\n  \"value\": \"cypress\\\\e2e\\\\Login.cy.js\"\n}",
              "code": "cy.intercept('POST', LOGIN_URL, {\n  forceNetworkError: true\n}).as('netErr');\ncy.window().then(win => cy.stub(win, 'alert').as('alert'));\ntypeLogin('admin@example.com', 'Pass12345!');\ncy.get('form.login-form button.form-button[type=\"submit\"]').click();\ncy.wait('@netErr');\ncy.get('@alert').should('have.been.called');\ncy.location('pathname').should('include', 'login');",
              "err": {},
              "uuid": "2aa5cd50-3e63-4352-beb2-faaf753bf2da",
              "parentUUID": "142aaaf4-2547-4c5e-b5dd-ee52fea194ae",
              "isHook": false,
              "skipped": false
            },
            {
              "title": "apos sucesso localStorage tem access",
              "fullTitle": "Login apos sucesso localStorage tem access",
              "timedOut": null,
              "duration": 1006,
              "state": "passed",
              "speed": "fast",
              "pass": true,
              "fail": false,
              "pending": false,
              "context": "{\n  \"title\": \"cypress-mochawesome-reporter-videos-passed\",\n  \"value\": \"cypress\\\\e2e\\\\Login.cy.js\"\n}",
              "code": "cy.intercept('POST', LOGIN_URL, {\n  statusCode: 200,\n  body: {\n    access: 'fake-access-token',\n    refresh: 'fake-refresh-token'\n  }\n}).as('loginOkLS');\ntypeLogin('admin@example.com', 'Pass12345!');\ncy.get('form.login-form button.form-button[type=\"submit\"]').click();\ncy.wait('@loginOkLS');\ncy.window().then(win => {\n  const hasAccessToken = Object.keys(win.localStorage).some(k => win.localStorage.getItem(k) === 'fake-access-token');\n  expect(hasAccessToken).to.eq(true);\n});",
              "err": {},
              "uuid": "2b8adcb8-2292-4297-a265-c01fe8fd0591",
              "parentUUID": "142aaaf4-2547-4c5e-b5dd-ee52fea194ae",
              "isHook": false,
              "skipped": false
            }
          ],
          "suites": [],
          "passes": [
            "46b3c23d-579e-49d6-8f10-84f526f0585b",
            "23e51a4e-f2bf-4d6e-b90a-1c60aefdd2e3",
            "8dabf05f-0392-402a-9550-0a8263855f41",
            "1f37c77d-ef21-46c2-b04f-c3b6d9deddfa",
            "3d0ea775-aac8-455c-aa6b-fb2c37b5d932",
            "6d20cd29-263d-4bdd-a1f8-3e53be8bdffb",
            "aed00aef-1a71-453a-a39f-080b381d853e",
            "e45eede4-cf3a-42e2-aa15-25956e983cdb",
            "82073b35-f730-4a0d-b8b0-e601d72ae6b5",
            "3117f4ff-c304-45db-a382-9b35e2d1830a",
            "412876df-4e67-400b-b35a-1f1d98fa982c",
            "59d83f61-6542-4204-944b-209fb2f59e9c",
            "3e99af52-18d4-40a6-ab18-e9aee6410576",
            "aae6214d-1541-4afa-b149-afc61c7e1317",
            "2aa5cd50-3e63-4352-beb2-faaf753bf2da",
            "2b8adcb8-2292-4297-a265-c01fe8fd0591"
          ],
          "failures": [],
          "pending": [],
          "skipped": [],
          "duration": 13349,
          "root": false,
          "rootEmpty": false,
          "_timeout": 2000
        },
        {
          "uuid": "3a4d4eb4-1be7-4b56-bc01-068102a0f85a",
          "title": "Login - falha proposital",
          "fullFile": "",
          "file": "",
          "beforeHooks": [],
          "afterHooks": [],
          "tests": [
            {
              "title": "espera toast no DOM (falha)",
              "fullTitle": "Login - falha proposital espera toast no DOM (falha)",
              "timedOut": null,
              "duration": 5032,
              "state": "failed",
              "speed": null,
              "pass": false,
              "fail": true,
              "pending": false,
              "context": "[\n  {\n    \"title\": \"cypress-mochawesome-reporter-videos-failed\",\n    \"value\": \"cypress\\\\e2e\\\\Login.cy.js\"\n  },\n  {\n    \"title\": \"cypress-mochawesome-reporter-screenshots\",\n    \"value\": [\n      [\n        \"\\\\Login.cy.js\\\\Login - falha proposital -- espera toast no DOM (falha) (failed).png\"\n      ]\n    ]\n  }\n]",
              "code": "cy.intercept('POST', LOGIN_URL, {\n  statusCode: 401,\n  body: {\n    detail: 'Invalid credentials'\n  }\n}).as('fail');\ntypeLogin('admin@example.com', 'wrong');\ncy.get('form.login-form button.form-button[type=\"submit\"]').click();\ncy.wait('@fail');\ncy.get('[role=\"alert\"], .toast-error, .alert-danger').should('contain.text', 'Invalid credentials');",
              "err": {
                "message": "AssertionError: Timed out retrying after 4000ms: Expected to find element: `[role=\"alert\"], .toast-error, .alert-danger`, but never found it.",
                "estack": "AssertionError: Timed out retrying after 4000ms: Expected to find element: `[role=\"alert\"], .toast-error, .alert-danger`, but never found it.\n    at Context.eval (webpack://frontend/./cypress/e2e/Login.cy.js:248:58)",
                "diff": null
              },
              "uuid": "6f41b9ab-8a4e-4a52-aa38-dbc43f3e69ee",
              "parentUUID": "3a4d4eb4-1be7-4b56-bc01-068102a0f85a",
              "isHook": false,
              "skipped": false
            },
            {
              "title": "espera /dashboard (falha)",
              "fullTitle": "Login - falha proposital espera /dashboard (falha)",
              "timedOut": null,
              "duration": 5100,
              "state": "failed",
              "speed": null,
              "pass": false,
              "fail": true,
              "pending": false,
              "context": "[\n  {\n    \"title\": \"cypress-mochawesome-reporter-videos-failed\",\n    \"value\": \"cypress\\\\e2e\\\\Login.cy.js\"\n  },\n  {\n    \"title\": \"cypress-mochawesome-reporter-screenshots\",\n    \"value\": [\n      [\n        \"\\\\Login.cy.js\\\\Login - falha proposital -- espera dashboard (falha) (failed).png\"\n      ]\n    ]\n  }\n]",
              "code": "cy.intercept('POST', LOGIN_URL, {\n  statusCode: 200,\n  body: {\n    access: 'a',\n    refresh: 'r'\n  }\n}).as('ok');\ntypeLogin('admin@example.com', 'Pass12345!');\ncy.get('form.login-form button.form-button[type=\"submit\"]').click();\ncy.wait('@ok');\ncy.location('pathname').should('eq', '/dashboard');",
              "err": {
                "message": "AssertionError: Timed out retrying after 4000ms: expected '/' to equal '/dashboard'",
                "estack": "AssertionError: Timed out retrying after 4000ms: expected '/' to equal '/dashboard'\n    at Context.eval (webpack://frontend/./cypress/e2e/Login.cy.js:261:28)",
                "diff": "- '/'\n+ '/dashboard'\n"
              },
              "uuid": "3360fdf4-8296-436e-8de8-efa5d483cdd9",
              "parentUUID": "3a4d4eb4-1be7-4b56-bc01-068102a0f85a",
              "isHook": false,
              "skipped": false
            },
            {
              "title": "espera jwt_access no storage (falha)",
              "fullTitle": "Login - falha proposital espera jwt_access no storage (falha)",
              "timedOut": null,
              "duration": 1112,
              "state": "failed",
              "speed": null,
              "pass": false,
              "fail": true,
              "pending": false,
              "context": "[\n  {\n    \"title\": \"cypress-mochawesome-reporter-videos-failed\",\n    \"value\": \"cypress\\\\e2e\\\\Login.cy.js\"\n  },\n  {\n    \"title\": \"cypress-mochawesome-reporter-screenshots\",\n    \"value\": [\n      [\n        \"\\\\Login.cy.js\\\\Login - falha proposital -- espera jwt_access no storage (falha) (failed).png\"\n      ]\n    ]\n  }\n]",
              "code": "cy.intercept('POST', LOGIN_URL, {\n  statusCode: 200,\n  body: {\n    access: 'a',\n    refresh: 'r'\n  }\n}).as('ok');\ntypeLogin('admin@example.com', 'Pass12345!');\ncy.get('form.login-form button.form-button[type=\"submit\"]').click();\ncy.wait('@ok');\ncy.window().then(win => {\n  expect(win.localStorage.getItem('jwt_access')).to.be.a('string');\n  expect(win.localStorage.getItem('jwt_refresh')).to.be.a('string');\n});",
              "err": {
                "message": "AssertionError: expected null to be a string",
                "estack": "AssertionError: expected null to be a string\n    at Context.eval (webpack://frontend/./cypress/e2e/Login.cy.js:275:60)\n    at getRet (http://localhost:3000/__cypress/runner/cypress_runner.js:122243:20)\n    at tryCatcher (http://localhost:3000/__cypress/runner/cypress_runner.js:1777:23)\n    at Promise.attempt.Promise.try (http://localhost:3000/__cypress/runner/cypress_runner.js:4285:29)\n    at Context.thenFn (http://localhost:3000/__cypress/runner/cypress_runner.js:122254:66)\n    at Context.then (http://localhost:3000/__cypress/runner/cypress_runner.js:122505:21)",
                "diff": null
              },
              "uuid": "f86a2eef-cd14-4c23-a756-cdc1c55dbf26",
              "parentUUID": "3a4d4eb4-1be7-4b56-bc01-068102a0f85a",
              "isHook": false,
              "skipped": false
            },
            {
              "title": "duplo clique -> 1 request (falha)",
              "fullTitle": "Login - falha proposital duplo clique -> 1 request (falha)",
              "timedOut": null,
              "duration": 1088,
              "state": "failed",
              "speed": null,
              "pass": false,
              "fail": true,
              "pending": false,
              "context": "[\n  {\n    \"title\": \"cypress-mochawesome-reporter-videos-failed\",\n    \"value\": \"cypress\\\\e2e\\\\Login.cy.js\"\n  },\n  {\n    \"title\": \"cypress-mochawesome-reporter-screenshots\",\n    \"value\": [\n      [\n        \"\\\\Login.cy.js\\\\Login - falha proposital -- duplo clique - 1 request (falha) (failed).png\"\n      ]\n    ]\n  }\n]",
              "code": "let hits = 0;\ncy.intercept('POST', LOGIN_URL, req => {\n  hits += 1;\n  req.reply({\n    statusCode: 200,\n    body: {\n      access: 'a',\n      refresh: 'r'\n    }\n  });\n}).as('ok');\ntypeLogin('admin@example.com', 'Pass12345!');\ncy.get('form.login-form button.form-button[type=\"submit\"]').click().click();\ncy.wait('@ok');\ncy.wrap(null).should(() => expect(hits).to.eq(1));",
              "err": {
                "message": "CypressError: `cy.click()` failed because the page updated as a result of this command, but you tried to continue the command chain. The subject is no longer attached to the DOM, and Cypress cannot requery the page after commands such as `cy.click()`.\n\nCommon situations why this happens:\n  - Your JS framework re-rendered asynchronously\n  - Your app code reacted to an event firing and removed the element\n\nYou can typically solve this by breaking up a chain. For example, rewrite:\n\n> `cy.get('button').click().should('have.class', 'active')`\n\nto\n\n> `cy.get('button').as('btn').click()`\n> `cy.get('@btn').should('have.class', 'active')`\n\nhttps://on.cypress.io/element-has-detached-from-dom",
                "estack": "CypressError: `cy.click()` failed because the page updated as a result of this command, but you tried to continue the command chain. The subject is no longer attached to the DOM, and Cypress cannot requery the page after commands such as `cy.click()`.\n\nCommon situations why this happens:\n  - Your JS framework re-rendered asynchronously\n  - Your app code reacted to an event firing and removed the element\n\nYou can typically solve this by breaking up a chain. For example, rewrite:\n\n> `cy.get('button').click().should('have.class', 'active')`\n\nto\n\n> `cy.get('button').as('btn').click()`\n> `cy.get('@btn').should('have.class', 'active')`\n\nhttps://on.cypress.io/element-has-detached-from-dom\n    at isAttached (http://localhost:3000/__cypress/runner/cypress_runner.js:152448:58)\n    at validateType (http://localhost:3000/__cypress/runner/cypress_runner.js:152318:9)\n    at Object.isType (http://localhost:3000/__cypress/runner/cypress_runner.js:152353:7)\n    at $Cy.pushSubject (http://localhost:3000/__cypress/runner/cypress_runner.js:146022:22)\n    at wrapped (http://localhost:3000/__cypress/runner/cypress_runner.js:145576:19)\nFrom Your Spec Code:\n    at Context.eval (webpack://frontend/./cypress/e2e/Login.cy.js:288:72)",
                "diff": null
              },
              "uuid": "0d62b518-14cc-4348-a840-4f75a72b86e1",
              "parentUUID": "3a4d4eb4-1be7-4b56-bc01-068102a0f85a",
              "isHook": false,
              "skipped": false
            },
            {
              "title": "trim estrito username (falha)",
              "fullTitle": "Login - falha proposital trim estrito username (falha)",
              "timedOut": null,
              "duration": 1122,
              "state": "failed",
              "speed": null,
              "pass": false,
              "fail": true,
              "pending": false,
              "context": "[\n  {\n    \"title\": \"cypress-mochawesome-reporter-videos-failed\",\n    \"value\": \"cypress\\\\e2e\\\\Login.cy.js\"\n  },\n  {\n    \"title\": \"cypress-mochawesome-reporter-screenshots\",\n    \"value\": [\n      [\n        \"\\\\Login.cy.js\\\\Login - falha proposital -- trim estrito username (falha) (failed).png\"\n      ]\n    ]\n  }\n]",
              "code": "cy.intercept('POST', LOGIN_URL, req => {\n  var _req$body2;\n  expect((_req$body2 = req.body) === null || _req$body2 === void 0 ? void 0 : _req$body2.username).to.eq('admin@example.com');\n  req.reply({\n    statusCode: 200,\n    body: {\n      access: 'a',\n      refresh: 'r'\n    }\n  });\n}).as('ok');\ntypeLogin('  admin@example.com  ', 'Pass12345!');\ncy.get('form.login-form button.form-button[type=\"submit\"]').click();\ncy.wait('@ok');",
              "err": {
                "message": "AssertionError: expected '  admin@example.com  ' to equal 'admin@example.com'",
                "estack": "AssertionError: expected '  admin@example.com  ' to equal 'admin@example.com'\n    at eval (webpack://frontend/./cypress/e2e/Login.cy.js:296:36)\n    at <unknown> (http://localhost:3000/__cypress/runner/cypress_runner.js:144517:12)\n    at tryCatcher (http://localhost:3000/__cypress/runner/cypress_runner.js:1777:23)\n    at Promise.attempt.Promise.try (http://localhost:3000/__cypress/runner/cypress_runner.js:4285:29)\n    at onBeforeRequest (http://localhost:3000/__cypress/runner/cypress_runner.js:144516:64)\n    at <unknown> (http://localhost:3000/__cypress/runner/cypress_runner.js:144194:28)",
                "diff": "- '  admin@example.com  '\n+ 'admin@example.com'\n"
              },
              "uuid": "9ed17218-b3ef-4b1f-b721-c8fc0aebbb1a",
              "parentUUID": "3a4d4eb4-1be7-4b56-bc01-068102a0f85a",
              "isHook": false,
              "skipped": false
            },
            {
              "title": "senha visivel por padrao (falha)",
              "fullTitle": "Login - falha proposital senha visivel por padrao (falha)",
              "timedOut": null,
              "duration": 4243,
              "state": "failed",
              "speed": null,
              "pass": false,
              "fail": true,
              "pending": false,
              "context": "[\n  {\n    \"title\": \"cypress-mochawesome-reporter-videos-failed\",\n    \"value\": \"cypress\\\\e2e\\\\Login.cy.js\"\n  },\n  {\n    \"title\": \"cypress-mochawesome-reporter-screenshots\",\n    \"value\": [\n      [\n        \"\\\\Login.cy.js\\\\Login - falha proposital -- senha visivel por padrao (falha) (failed).png\"\n      ]\n    ]\n  }\n]",
              "code": "cy.get('form.login-form input[name=\"password\"]').should('have.attr', 'type', 'text');",
              "err": {
                "message": "AssertionError: Timed out retrying after 4000ms: expected '<input.form-input>' to have attribute 'type' with the value 'text', but the value was 'password'",
                "estack": "AssertionError: Timed out retrying after 4000ms: expected '<input.form-input>' to have attribute 'type' with the value 'text', but the value was 'password'\n    at Context.eval (webpack://frontend/./cypress/e2e/Login.cy.js:306:53)",
                "diff": "- 'password'\n+ 'text'\n"
              },
              "uuid": "12e4c648-90d2-4187-88ef-3c8f66dac534",
              "parentUUID": "3a4d4eb4-1be7-4b56-bc01-068102a0f85a",
              "isHook": false,
              "skipped": false
            },
            {
              "title": "contador de tentativas (falha)",
              "fullTitle": "Login - falha proposital contador de tentativas (falha)",
              "timedOut": null,
              "duration": 5336,
              "state": "failed",
              "speed": null,
              "pass": false,
              "fail": true,
              "pending": false,
              "context": "[\n  {\n    \"title\": \"cypress-mochawesome-reporter-videos-failed\",\n    \"value\": \"cypress\\\\e2e\\\\Login.cy.js\"\n  },\n  {\n    \"title\": \"cypress-mochawesome-reporter-screenshots\",\n    \"value\": [\n      [\n        \"\\\\Login.cy.js\\\\Login - falha proposital -- contador de tentativas (falha) (failed).png\"\n      ]\n    ]\n  }\n]",
              "code": "cy.intercept('POST', LOGIN_URL, {\n  statusCode: 401,\n  body: {\n    detail: 'Invalid credentials'\n  }\n}).as('fail');\ntypeLogin('admin@example.com', 'wrong');\ncy.get('form.login-form button.form-button[type=\"submit\"]').click();\ncy.wait('@fail');\ncy.get('[data-cy=\"attempts-left\"]').should('contain.text', '2 tentativas restantes');",
              "err": {
                "message": "AssertionError: Timed out retrying after 4000ms: Expected to find element: `[data-cy=\"attempts-left\"]`, but never found it.",
                "estack": "AssertionError: Timed out retrying after 4000ms: Expected to find element: `[data-cy=\"attempts-left\"]`, but never found it.\n    at Context.eval (webpack://frontend/./cypress/e2e/Login.cy.js:316:40)",
                "diff": null
              },
              "uuid": "f160b174-4825-4413-ab8a-f77bdf57fcf3",
              "parentUUID": "3a4d4eb4-1be7-4b56-bc01-068102a0f85a",
              "isHook": false,
              "skipped": false
            }
          ],
          "suites": [],
          "passes": [],
          "failures": [
            "6f41b9ab-8a4e-4a52-aa38-dbc43f3e69ee",
            "3360fdf4-8296-436e-8de8-efa5d483cdd9",
            "f86a2eef-cd14-4c23-a756-cdc1c55dbf26",
            "0d62b518-14cc-4348-a840-4f75a72b86e1",
            "9ed17218-b3ef-4b1f-b721-c8fc0aebbb1a",
            "12e4c648-90d2-4187-88ef-3c8f66dac534",
            "f160b174-4825-4413-ab8a-f77bdf57fcf3"
          ],
          "pending": [],
          "skipped": [],
          "duration": 23033,
          "root": false,
          "rootEmpty": false,
          "_timeout": 2000
        }
      ],
      "passes": [],
      "failures": [],
      "pending": [],
      "skipped": [],
      "duration": 0,
      "root": true,
      "rootEmpty": true,
      "_timeout": 2000
    }
  ],
  "meta": {
    "mocha": {
      "version": "7.2.0"
    },
    "mochawesome": {
      "options": {
        "quiet": false,
        "reportFilename": "mochawesome",
        "saveHtml": true,
        "saveJson": true,
        "consoleReporter": "spec",
        "useInlineDiffs": false,
        "code": true
      },
      "version": "7.1.4"
    },
    "marge": {
      "options": {
        "reportDir": "reports/mochawesome overwrite=true html=true json=true charts=true"
      },
      "version": "6.3.0"
    }
  }
}