{
  "stats": {
    "suites": 2,
    "tests": 23,
    "passes": 16,
    "pending": 0,
    "failures": 7,
    "start": "2025-10-21T01:35:14.750Z",
    "end": "2025-10-21T01:35:52.182Z",
    "duration": 37432,
    "testsRegistered": 23,
    "passPercent": 69.56521739130434,
    "pendingPercent": 0,
    "other": 0,
    "hasOther": false,
    "skipped": 0,
    "hasSkipped": false
  },
  "results": [
    {
      "uuid": "15a9bdfe-1de7-4c2a-8ac8-1eef386dd57f",
      "title": "",
      "fullFile": "cypress\\e2e\\Login.cy.js",
      "file": "cypress\\e2e\\Login.cy.js",
      "beforeHooks": [],
      "afterHooks": [],
      "tests": [],
      "suites": [
        {
          "uuid": "f5899c82-f3f3-41cc-b8f0-9e7fd6ce2d88",
          "title": "Login",
          "fullFile": "",
          "file": "",
          "beforeHooks": [],
          "afterHooks": [],
          "tests": [
            {
              "title": "credenciais invalidas -> alerta",
              "fullTitle": "Login credenciais invalidas -> alerta",
              "timedOut": null,
              "duration": 1568,
              "state": "passed",
              "speed": "fast",
              "pass": true,
              "fail": false,
              "pending": false,
              "context": "{\n  \"title\": \"cypress-mochawesome-reporter-videos-passed\",\n  \"value\": \"cypress\\\\e2e\\\\Login.cy.js\"\n}",
              "code": "cy.intercept('POST', LOGIN_URL, {\n  statusCode: 401,\n  body: {\n    detail: 'Invalid credentials'\n  }\n}).as('loginFail');\ncy.window().then(win => cy.stub(win, 'alert').as('alert'));\ntypeLogin('admin@example.com', 'wrong');\ncy.get('form.login-form button.form-button[type=\"submit\"]').click();\ncy.wait('@loginFail');\ncy.get('@alert').should('have.been.called');\ncy.get('@alert').should('have.been.calledWithMatch', /invalid|inválid/i);\ncy.location('pathname').should('include', 'login');",
              "err": {},
              "uuid": "022f721d-3b85-4b42-beca-22e1d4fd9f02",
              "parentUUID": "f5899c82-f3f3-41cc-b8f0-9e7fd6ce2d88",
              "isHook": false,
              "skipped": false
            },
            {
              "title": "sucesso -> redireciona",
              "fullTitle": "Login sucesso -> redireciona",
              "timedOut": null,
              "duration": 996,
              "state": "passed",
              "speed": "fast",
              "pass": true,
              "fail": false,
              "pending": false,
              "context": "{\n  \"title\": \"cypress-mochawesome-reporter-videos-passed\",\n  \"value\": \"cypress\\\\e2e\\\\Login.cy.js\"\n}",
              "code": "cy.intercept('POST', LOGIN_URL, {\n  statusCode: 200,\n  headers: {\n    'content-type': 'application/json'\n  },\n  body: {\n    access: 'fake-access-token',\n    refresh: 'fake-refresh-token'\n  }\n}).as('loginOk');\ntypeLogin('admin@example.com', 'Pass12345!');\ncy.get('form.login-form button.form-button[type=\"submit\"]').click();\ncy.wait('@loginOk');\ncy.location('pathname').should('not.include', 'login');",
              "err": {},
              "uuid": "da84426e-8673-416d-a985-a29e64cc0ead",
              "parentUUID": "f5899c82-f3f3-41cc-b8f0-9e7fd6ce2d88",
              "isHook": false,
              "skipped": false
            },
            {
              "title": "erro 500 -> alerta",
              "fullTitle": "Login erro 500 -> alerta",
              "timedOut": null,
              "duration": 1003,
              "state": "passed",
              "speed": "fast",
              "pass": true,
              "fail": false,
              "pending": false,
              "context": "{\n  \"title\": \"cypress-mochawesome-reporter-videos-passed\",\n  \"value\": \"cypress\\\\e2e\\\\Login.cy.js\"\n}",
              "code": "cy.intercept('POST', LOGIN_URL, {\n  statusCode: 500,\n  body: {\n    detail: 'Server error'\n  }\n}).as('serverErr');\ncy.window().then(win => cy.stub(win, 'alert').as('alert'));\ntypeLogin('admin@example.com', 'Pass12345!');\ncy.get('form.login-form button.form-button[type=\"submit\"]').click();\ncy.wait('@serverErr');\ncy.get('@alert').should('have.been.calledWithMatch', /erro|servidor|tente novamente/i);\ncy.location('pathname').should('include', 'login');",
              "err": {},
              "uuid": "f2e709a7-a363-4123-a9c5-320d02ee9317",
              "parentUUID": "f5899c82-f3f3-41cc-b8f0-9e7fd6ce2d88",
              "isHook": false,
              "skipped": false
            },
            {
              "title": "validacao 400 -> alerta",
              "fullTitle": "Login validacao 400 -> alerta",
              "timedOut": null,
              "duration": 201,
              "state": "passed",
              "speed": "fast",
              "pass": true,
              "fail": false,
              "pending": false,
              "context": "{\n  \"title\": \"cypress-mochawesome-reporter-videos-passed\",\n  \"value\": \"cypress\\\\e2e\\\\Login.cy.js\"\n}",
              "code": "cy.intercept('POST', LOGIN_URL, {\n  statusCode: 400,\n  body: {\n    username: ['Este campo é obrigatório.'],\n    password: ['Este campo é obrigatório.']\n  }\n}).as('badReq');\ncy.window().then(win => cy.stub(win, 'alert').as('alert'));\n// Desliga validacao nativa p/ permitir o POST sem campos\ncy.get('form.login-form').invoke('attr', 'novalidate', 'novalidate');\ncy.get('input[name=\"username\"]').invoke('prop', 'required', false);\ncy.get('input[name=\"password\"]').invoke('prop', 'required', false);\ncy.get('form.login-form button.form-button[type=\"submit\"]').click();\ncy.wait('@badReq');\ncy.get('@alert').should('have.been.called');\ncy.location('pathname').should('include', 'login');",
              "err": {},
              "uuid": "290092d9-fd80-4dff-8239-ea3bc3dddd7a",
              "parentUUID": "f5899c82-f3f3-41cc-b8f0-9e7fd6ce2d88",
              "isHook": false,
              "skipped": false
            },
            {
              "title": "401 sem detail -> alerta",
              "fullTitle": "Login 401 sem detail -> alerta",
              "timedOut": null,
              "duration": 919,
              "state": "passed",
              "speed": "fast",
              "pass": true,
              "fail": false,
              "pending": false,
              "context": "{\n  \"title\": \"cypress-mochawesome-reporter-videos-passed\",\n  \"value\": \"cypress\\\\e2e\\\\Login.cy.js\"\n}",
              "code": "cy.intercept('POST', LOGIN_URL, {\n  statusCode: 401,\n  body: {\n    error: 'no-detail'\n  }\n}).as('weird');\ncy.window().then(win => cy.stub(win, 'alert').as('alert'));\ntypeLogin('admin@example.com', 'wrong');\ncy.get('form.login-form button.form-button[type=\"submit\"]').click();\ncy.wait('@weird');\ncy.get('@alert').should('have.been.called');\ncy.location('pathname').should('include', 'login');",
              "err": {},
              "uuid": "97852d30-ea09-479b-a383-4afef810c080",
              "parentUUID": "f5899c82-f3f3-41cc-b8f0-9e7fd6ce2d88",
              "isHook": false,
              "skipped": false
            },
            {
              "title": "link cadastro funciona",
              "fullTitle": "Login link cadastro funciona",
              "timedOut": null,
              "duration": 222,
              "state": "passed",
              "speed": "fast",
              "pass": true,
              "fail": false,
              "pending": false,
              "context": "{\n  \"title\": \"cypress-mochawesome-reporter-videos-passed\",\n  \"value\": \"cypress\\\\e2e\\\\Login.cy.js\"\n}",
              "code": "cy.contains('a', /sign\\s*up|criar\\s*conta/i).click({\n  force: true\n});\ncy.location('pathname').should('match', /register|signup|sign\\-up|cadastro/i);",
              "err": {},
              "uuid": "f95b8d70-dd23-42f9-8ac2-95a9dbb6b847",
              "parentUUID": "f5899c82-f3f3-41cc-b8f0-9e7fd6ce2d88",
              "isHook": false,
              "skipped": false
            },
            {
              "title": "senha oculta por padrao (toggle se existir)",
              "fullTitle": "Login senha oculta por padrao (toggle se existir)",
              "timedOut": null,
              "duration": 112,
              "state": "passed",
              "speed": "fast",
              "pass": true,
              "fail": false,
              "pending": false,
              "context": "{\n  \"title\": \"cypress-mochawesome-reporter-videos-passed\",\n  \"value\": \"cypress\\\\e2e\\\\Login.cy.js\"\n}",
              "code": "cy.get('form.login-form input[name=\"password\"]').should('have.attr', 'type', 'password');\ncy.get('body').then($b => {\n  const selectors = ['[data-cy=\"toggle-password\"]', 'button[aria-label*=\"mostrar\"]', 'button[aria-label*=\"show\"]', '.password-toggle', 'button:contains(\"Mostrar\")', 'button:contains(\"Show\")'];\n  const found = selectors.find(s => $b.find(s).length > 0);\n  if (found) {\n    cy.get(found).click();\n    cy.get('form.login-form input[name=\"password\"]').should('have.attr', 'type', 'text');\n  }\n});",
              "err": {},
              "uuid": "d8b5ade5-34c3-4788-b959-4d35433a8dbc",
              "parentUUID": "f5899c82-f3f3-41cc-b8f0-9e7fd6ce2d88",
              "isHook": false,
              "skipped": false
            },
            {
              "title": "required bloqueia username vazio",
              "fullTitle": "Login required bloqueia username vazio",
              "timedOut": null,
              "duration": 805,
              "state": "passed",
              "speed": "fast",
              "pass": true,
              "fail": false,
              "pending": false,
              "context": "{\n  \"title\": \"cypress-mochawesome-reporter-videos-passed\",\n  \"value\": \"cypress\\\\e2e\\\\Login.cy.js\"\n}",
              "code": "cy.intercept('POST', LOGIN_URL, () => {\n  throw new Error('Nao deveria chamar API com username vazio (required)');\n}).as('guard');\ncy.get('form.login-form input[name=\"username\"]').clear(); // vazio\ncy.get('form.login-form input[name=\"password\"]').clear().type('Pass12345!');\ncy.get('form.login-form button.form-button[type=\"submit\"]').click();\ncy.get('form.login-form').then($f => expect($f[0].checkValidity()).to.eq(false));\ncy.get('form.login-form input[name=\"username\"]').then($i => expect($i[0].checkValidity()).to.eq(false));\ncy.location('pathname').should('include', 'login');\ncy.wait(100);",
              "err": {},
              "uuid": "9426811e-8d28-4fb8-b52a-816f6bc17ab4",
              "parentUUID": "f5899c82-f3f3-41cc-b8f0-9e7fd6ce2d88",
              "isHook": false,
              "skipped": false
            },
            {
              "title": "required bloqueia password vazio",
              "fullTitle": "Login required bloqueia password vazio",
              "timedOut": null,
              "duration": 907,
              "state": "passed",
              "speed": "fast",
              "pass": true,
              "fail": false,
              "pending": false,
              "context": "{\n  \"title\": \"cypress-mochawesome-reporter-videos-passed\",\n  \"value\": \"cypress\\\\e2e\\\\Login.cy.js\"\n}",
              "code": "cy.intercept('POST', LOGIN_URL, () => {\n  throw new Error('Nao deveria chamar API com password vazio (required)');\n}).as('guard');\ncy.get('form.login-form input[name=\"username\"]').clear().type('admin@example.com');\ncy.get('form.login-form input[name=\"password\"]').clear(); // vazio\ncy.get('form.login-form button.form-button[type=\"submit\"]').click();\ncy.get('form.login-form').then($f => expect($f[0].checkValidity()).to.eq(false));\ncy.get('form.login-form input[name=\"password\"]').then($i => expect($i[0].checkValidity()).to.eq(false));\ncy.location('pathname').should('include', 'login');\ncy.wait(100);",
              "err": {},
              "uuid": "004179b4-d94a-4069-991a-7640b4b282e4",
              "parentUUID": "f5899c82-f3f3-41cc-b8f0-9e7fd6ce2d88",
              "isHook": false,
              "skipped": false
            },
            {
              "title": "enter no password envia",
              "fullTitle": "Login enter no password envia",
              "timedOut": null,
              "duration": 904,
              "state": "passed",
              "speed": "fast",
              "pass": true,
              "fail": false,
              "pending": false,
              "context": "{\n  \"title\": \"cypress-mochawesome-reporter-videos-passed\",\n  \"value\": \"cypress\\\\e2e\\\\Login.cy.js\"\n}",
              "code": "cy.intercept('POST', LOGIN_URL, {\n  statusCode: 200,\n  body: {\n    access: 'fake-access-token',\n    refresh: 'fake-refresh-token'\n  }\n}).as('loginOkEnter');\ncy.get('form.login-form input[name=\"username\"]').clear().type('admin@example.com');\ncy.get('form.login-form input[name=\"password\"]').clear().type('Pass12345!{enter}');\ncy.wait('@loginOkEnter');",
              "err": {},
              "uuid": "d08e419c-70e0-41b7-8aba-fb33e60fb2a8",
              "parentUUID": "f5899c82-f3f3-41cc-b8f0-9e7fd6ce2d88",
              "isHook": false,
              "skipped": false
            },
            {
              "title": "payload correto",
              "fullTitle": "Login payload correto",
              "timedOut": null,
              "duration": 985,
              "state": "passed",
              "speed": "fast",
              "pass": true,
              "fail": false,
              "pending": false,
              "context": "{\n  \"title\": \"cypress-mochawesome-reporter-videos-passed\",\n  \"value\": \"cypress\\\\e2e\\\\Login.cy.js\"\n}",
              "code": "cy.intercept('POST', LOGIN_URL, req => {\n  expect(req.method).to.eq('POST');\n  expect(req.body).to.have.property('username', 'admin@example.com');\n  expect(req.body).to.have.property('password');\n  req.reply({\n    statusCode: 200,\n    body: {\n      access: 'fake-access-token',\n      refresh: 'fake-refresh-token'\n    }\n  });\n}).as('loginPayload');\ntypeLogin('admin@example.com', 'Pass12345!');\ncy.get('form.login-form button.form-button[type=\"submit\"]').click();\ncy.wait('@loginPayload');",
              "err": {},
              "uuid": "4dfb9e44-d6c8-45c2-862f-2486e60d56f5",
              "parentUUID": "f5899c82-f3f3-41cc-b8f0-9e7fd6ce2d88",
              "isHook": false,
              "skipped": false
            },
            {
              "title": "endpoint url ok",
              "fullTitle": "Login endpoint url ok",
              "timedOut": null,
              "duration": 966,
              "state": "passed",
              "speed": "fast",
              "pass": true,
              "fail": false,
              "pending": false,
              "context": "{\n  \"title\": \"cypress-mochawesome-reporter-videos-passed\",\n  \"value\": \"cypress\\\\e2e\\\\Login.cy.js\"\n}",
              "code": "cy.intercept('POST', LOGIN_URL, req => {\n  expect(req.url).to.match(/\\/api\\/users\\/login\\/?/);\n  req.reply({\n    statusCode: 200,\n    body: {\n      access: 'fake-access-token',\n      refresh: 'fake-refresh-token'\n    }\n  });\n}).as('loginUrl');\ntypeLogin('admin@example.com', 'Pass12345!');\ncy.get('form.login-form button.form-button[type=\"submit\"]').click();\ncy.wait('@loginUrl');",
              "err": {},
              "uuid": "f8cf6c40-1bd6-4456-b039-063aa5121e35",
              "parentUUID": "f5899c82-f3f3-41cc-b8f0-9e7fd6ce2d88",
              "isHook": false,
              "skipped": false
            },
            {
              "title": "username com espacos tolerante",
              "fullTitle": "Login username com espacos tolerante",
              "timedOut": null,
              "duration": 1049,
              "state": "passed",
              "speed": "fast",
              "pass": true,
              "fail": false,
              "pending": false,
              "context": "{\n  \"title\": \"cypress-mochawesome-reporter-videos-passed\",\n  \"value\": \"cypress\\\\e2e\\\\Login.cy.js\"\n}",
              "code": "cy.intercept('POST', LOGIN_URL, req => {\n  var _req$body;\n  const u = String(((_req$body = req.body) === null || _req$body === void 0 ? void 0 : _req$body.username) || '');\n  expect(u.replace(/\\s/g, '')).to.eq('admin@example.com');\n  req.reply({\n    statusCode: 200,\n    body: {\n      access: 'fake-access-token',\n      refresh: 'fake-refresh-token'\n    }\n  });\n}).as('loginTrimTol');\ntypeLogin('  admin@example.com  ', 'Pass12345!');\ncy.get('form.login-form button.form-button[type=\"submit\"]').click();\ncy.wait('@loginTrimTol');",
              "err": {},
              "uuid": "058473c7-d5d9-4f6f-a565-bee1579c3bcb",
              "parentUUID": "f5899c82-f3f3-41cc-b8f0-9e7fd6ce2d88",
              "isHook": false,
              "skipped": false
            },
            {
              "title": "401 pt en -> alerta",
              "fullTitle": "Login 401 pt en -> alerta",
              "timedOut": null,
              "duration": 904,
              "state": "passed",
              "speed": "fast",
              "pass": true,
              "fail": false,
              "pending": false,
              "context": "{\n  \"title\": \"cypress-mochawesome-reporter-videos-passed\",\n  \"value\": \"cypress\\\\e2e\\\\Login.cy.js\"\n}",
              "code": "cy.intercept('POST', LOGIN_URL, {\n  statusCode: 401,\n  body: {\n    detail: 'Credenciais inválidas'\n  }\n}).as('pt401');\ncy.window().then(win => cy.stub(win, 'alert').as('alert'));\ntypeLogin('admin@example.com', 'wrong');\ncy.get('form.login-form button.form-button[type=\"submit\"]').click();\ncy.wait('@pt401');\ncy.get('@alert').should('have.been.called');",
              "err": {},
              "uuid": "a29034e4-7587-4911-8d5f-740bef7ba969",
              "parentUUID": "f5899c82-f3f3-41cc-b8f0-9e7fd6ce2d88",
              "isHook": false,
              "skipped": false
            },
            {
              "title": "erro de rede -> alerta",
              "fullTitle": "Login erro de rede -> alerta",
              "timedOut": null,
              "duration": 1287,
              "state": "passed",
              "speed": "fast",
              "pass": true,
              "fail": false,
              "pending": false,
              "context": "{\n  \"title\": \"cypress-mochawesome-reporter-videos-passed\",\n  \"value\": \"cypress\\\\e2e\\\\Login.cy.js\"\n}",
              "code": "cy.intercept('POST', LOGIN_URL, {\n  forceNetworkError: true\n}).as('netErr');\ncy.window().then(win => cy.stub(win, 'alert').as('alert'));\ntypeLogin('admin@example.com', 'Pass12345!');\ncy.get('form.login-form button.form-button[type=\"submit\"]').click();\ncy.wait('@netErr');\ncy.get('@alert').should('have.been.called');\ncy.location('pathname').should('include', 'login');",
              "err": {},
              "uuid": "65b0c591-64c5-4439-8c03-570e1475766b",
              "parentUUID": "f5899c82-f3f3-41cc-b8f0-9e7fd6ce2d88",
              "isHook": false,
              "skipped": false
            },
            {
              "title": "apos sucesso localStorage tem access",
              "fullTitle": "Login apos sucesso localStorage tem access",
              "timedOut": null,
              "duration": 1002,
              "state": "passed",
              "speed": "fast",
              "pass": true,
              "fail": false,
              "pending": false,
              "context": "{\n  \"title\": \"cypress-mochawesome-reporter-videos-passed\",\n  \"value\": \"cypress\\\\e2e\\\\Login.cy.js\"\n}",
              "code": "cy.intercept('POST', LOGIN_URL, {\n  statusCode: 200,\n  body: {\n    access: 'fake-access-token',\n    refresh: 'fake-refresh-token'\n  }\n}).as('loginOkLS');\ntypeLogin('admin@example.com', 'Pass12345!');\ncy.get('form.login-form button.form-button[type=\"submit\"]').click();\ncy.wait('@loginOkLS');\ncy.window().then(win => {\n  const hasAccessToken = Object.keys(win.localStorage).some(k => win.localStorage.getItem(k) === 'fake-access-token');\n  expect(hasAccessToken).to.eq(true);\n});",
              "err": {},
              "uuid": "18344a36-a9e4-420a-b31c-4ec1141aceef",
              "parentUUID": "f5899c82-f3f3-41cc-b8f0-9e7fd6ce2d88",
              "isHook": false,
              "skipped": false
            }
          ],
          "suites": [],
          "passes": [
            "022f721d-3b85-4b42-beca-22e1d4fd9f02",
            "da84426e-8673-416d-a985-a29e64cc0ead",
            "f2e709a7-a363-4123-a9c5-320d02ee9317",
            "290092d9-fd80-4dff-8239-ea3bc3dddd7a",
            "97852d30-ea09-479b-a383-4afef810c080",
            "f95b8d70-dd23-42f9-8ac2-95a9dbb6b847",
            "d8b5ade5-34c3-4788-b959-4d35433a8dbc",
            "9426811e-8d28-4fb8-b52a-816f6bc17ab4",
            "004179b4-d94a-4069-991a-7640b4b282e4",
            "d08e419c-70e0-41b7-8aba-fb33e60fb2a8",
            "4dfb9e44-d6c8-45c2-862f-2486e60d56f5",
            "f8cf6c40-1bd6-4456-b039-063aa5121e35",
            "058473c7-d5d9-4f6f-a565-bee1579c3bcb",
            "a29034e4-7587-4911-8d5f-740bef7ba969",
            "65b0c591-64c5-4439-8c03-570e1475766b",
            "18344a36-a9e4-420a-b31c-4ec1141aceef"
          ],
          "failures": [],
          "pending": [],
          "skipped": [],
          "duration": 13830,
          "root": false,
          "rootEmpty": false,
          "_timeout": 2000
        },
        {
          "uuid": "09ba3b80-12d3-4c24-95ac-0e27f41c5504",
          "title": "Login - falha proposital",
          "fullFile": "",
          "file": "",
          "beforeHooks": [],
          "afterHooks": [],
          "tests": [
            {
              "title": "espera toast no DOM (falha)",
              "fullTitle": "Login - falha proposital espera toast no DOM (falha)",
              "timedOut": null,
              "duration": 4991,
              "state": "failed",
              "speed": null,
              "pass": false,
              "fail": true,
              "pending": false,
              "context": "[\n  {\n    \"title\": \"cypress-mochawesome-reporter-videos-failed\",\n    \"value\": \"cypress\\\\e2e\\\\Login.cy.js\"\n  },\n  {\n    \"title\": \"cypress-mochawesome-reporter-screenshots\",\n    \"value\": [\n      [\n        \"\\\\Login.cy.js\\\\Login - falha proposital -- espera toast no DOM (falha) (failed).png\"\n      ]\n    ]\n  }\n]",
              "code": "cy.intercept('POST', LOGIN_URL, {\n  statusCode: 401,\n  body: {\n    detail: 'Invalid credentials'\n  }\n}).as('fail');\ntypeLogin('admin@example.com', 'wrong');\ncy.get('form.login-form button.form-button[type=\"submit\"]').click();\ncy.wait('@fail');\ncy.get('[role=\"alert\"], .toast-error, .alert-danger').should('contain.text', 'Invalid credentials');",
              "err": {
                "message": "AssertionError: Timed out retrying after 4000ms: Expected to find element: `[role=\"alert\"], .toast-error, .alert-danger`, but never found it.",
                "estack": "AssertionError: Timed out retrying after 4000ms: Expected to find element: `[role=\"alert\"], .toast-error, .alert-danger`, but never found it.\n    at Context.eval (webpack://frontend/./cypress/e2e/Login.cy.js:248:58)",
                "diff": null
              },
              "uuid": "e728cfac-fea2-4cce-b219-29f7533878a3",
              "parentUUID": "09ba3b80-12d3-4c24-95ac-0e27f41c5504",
              "isHook": false,
              "skipped": false
            },
            {
              "title": "espera /dashboard (falha)",
              "fullTitle": "Login - falha proposital espera /dashboard (falha)",
              "timedOut": null,
              "duration": 5092,
              "state": "failed",
              "speed": null,
              "pass": false,
              "fail": true,
              "pending": false,
              "context": "[\n  {\n    \"title\": \"cypress-mochawesome-reporter-videos-failed\",\n    \"value\": \"cypress\\\\e2e\\\\Login.cy.js\"\n  },\n  {\n    \"title\": \"cypress-mochawesome-reporter-screenshots\",\n    \"value\": [\n      [\n        \"\\\\Login.cy.js\\\\Login - falha proposital -- espera dashboard (falha) (failed).png\"\n      ]\n    ]\n  }\n]",
              "code": "cy.intercept('POST', LOGIN_URL, {\n  statusCode: 200,\n  body: {\n    access: 'a',\n    refresh: 'r'\n  }\n}).as('ok');\ntypeLogin('admin@example.com', 'Pass12345!');\ncy.get('form.login-form button.form-button[type=\"submit\"]').click();\ncy.wait('@ok');\ncy.location('pathname').should('eq', '/dashboard');",
              "err": {
                "message": "AssertionError: Timed out retrying after 4000ms: expected '/' to equal '/dashboard'",
                "estack": "AssertionError: Timed out retrying after 4000ms: expected '/' to equal '/dashboard'\n    at Context.eval (webpack://frontend/./cypress/e2e/Login.cy.js:261:28)",
                "diff": "- '/'\n+ '/dashboard'\n"
              },
              "uuid": "0839e0fc-81b5-4fc2-91a8-9d330a4ed996",
              "parentUUID": "09ba3b80-12d3-4c24-95ac-0e27f41c5504",
              "isHook": false,
              "skipped": false
            },
            {
              "title": "espera jwt_access no storage (falha)",
              "fullTitle": "Login - falha proposital espera jwt_access no storage (falha)",
              "timedOut": null,
              "duration": 1176,
              "state": "failed",
              "speed": null,
              "pass": false,
              "fail": true,
              "pending": false,
              "context": "[\n  {\n    \"title\": \"cypress-mochawesome-reporter-videos-failed\",\n    \"value\": \"cypress\\\\e2e\\\\Login.cy.js\"\n  },\n  {\n    \"title\": \"cypress-mochawesome-reporter-screenshots\",\n    \"value\": [\n      [\n        \"\\\\Login.cy.js\\\\Login - falha proposital -- espera jwt_access no storage (falha) (failed).png\"\n      ]\n    ]\n  }\n]",
              "code": "cy.intercept('POST', LOGIN_URL, {\n  statusCode: 200,\n  body: {\n    access: 'a',\n    refresh: 'r'\n  }\n}).as('ok');\ntypeLogin('admin@example.com', 'Pass12345!');\ncy.get('form.login-form button.form-button[type=\"submit\"]').click();\ncy.wait('@ok');\ncy.window().then(win => {\n  expect(win.localStorage.getItem('jwt_access')).to.be.a('string');\n  expect(win.localStorage.getItem('jwt_refresh')).to.be.a('string');\n});",
              "err": {
                "message": "AssertionError: expected null to be a string",
                "estack": "AssertionError: expected null to be a string\n    at Context.eval (webpack://frontend/./cypress/e2e/Login.cy.js:275:60)\n    at getRet (http://localhost:3000/__cypress/runner/cypress_runner.js:122243:20)\n    at tryCatcher (http://localhost:3000/__cypress/runner/cypress_runner.js:1777:23)\n    at Promise.attempt.Promise.try (http://localhost:3000/__cypress/runner/cypress_runner.js:4285:29)\n    at Context.thenFn (http://localhost:3000/__cypress/runner/cypress_runner.js:122254:66)\n    at Context.then (http://localhost:3000/__cypress/runner/cypress_runner.js:122505:21)",
                "diff": null
              },
              "uuid": "4927587a-7696-4fff-9ff9-5a828f8c34d8",
              "parentUUID": "09ba3b80-12d3-4c24-95ac-0e27f41c5504",
              "isHook": false,
              "skipped": false
            },
            {
              "title": "duplo clique -> 1 request (falha)",
              "fullTitle": "Login - falha proposital duplo clique -> 1 request (falha)",
              "timedOut": null,
              "duration": 1141,
              "state": "failed",
              "speed": null,
              "pass": false,
              "fail": true,
              "pending": false,
              "context": "[\n  {\n    \"title\": \"cypress-mochawesome-reporter-videos-failed\",\n    \"value\": \"cypress\\\\e2e\\\\Login.cy.js\"\n  },\n  {\n    \"title\": \"cypress-mochawesome-reporter-screenshots\",\n    \"value\": [\n      [\n        \"\\\\Login.cy.js\\\\Login - falha proposital -- duplo clique - 1 request (falha) (failed).png\"\n      ]\n    ]\n  }\n]",
              "code": "let hits = 0;\ncy.intercept('POST', LOGIN_URL, req => {\n  hits += 1;\n  req.reply({\n    statusCode: 200,\n    body: {\n      access: 'a',\n      refresh: 'r'\n    }\n  });\n}).as('ok');\ntypeLogin('admin@example.com', 'Pass12345!');\ncy.get('form.login-form button.form-button[type=\"submit\"]').click().click();\ncy.wait('@ok');\ncy.wrap(null).should(() => expect(hits).to.eq(1));",
              "err": {
                "message": "CypressError: `cy.click()` failed because the page updated as a result of this command, but you tried to continue the command chain. The subject is no longer attached to the DOM, and Cypress cannot requery the page after commands such as `cy.click()`.\n\nCommon situations why this happens:\n  - Your JS framework re-rendered asynchronously\n  - Your app code reacted to an event firing and removed the element\n\nYou can typically solve this by breaking up a chain. For example, rewrite:\n\n> `cy.get('button').click().should('have.class', 'active')`\n\nto\n\n> `cy.get('button').as('btn').click()`\n> `cy.get('@btn').should('have.class', 'active')`\n\nhttps://on.cypress.io/element-has-detached-from-dom",
                "estack": "CypressError: `cy.click()` failed because the page updated as a result of this command, but you tried to continue the command chain. The subject is no longer attached to the DOM, and Cypress cannot requery the page after commands such as `cy.click()`.\n\nCommon situations why this happens:\n  - Your JS framework re-rendered asynchronously\n  - Your app code reacted to an event firing and removed the element\n\nYou can typically solve this by breaking up a chain. For example, rewrite:\n\n> `cy.get('button').click().should('have.class', 'active')`\n\nto\n\n> `cy.get('button').as('btn').click()`\n> `cy.get('@btn').should('have.class', 'active')`\n\nhttps://on.cypress.io/element-has-detached-from-dom\n    at isAttached (http://localhost:3000/__cypress/runner/cypress_runner.js:152448:58)\n    at validateType (http://localhost:3000/__cypress/runner/cypress_runner.js:152318:9)\n    at Object.isType (http://localhost:3000/__cypress/runner/cypress_runner.js:152353:7)\n    at $Cy.pushSubject (http://localhost:3000/__cypress/runner/cypress_runner.js:146022:22)\n    at wrapped (http://localhost:3000/__cypress/runner/cypress_runner.js:145576:19)\nFrom Your Spec Code:\n    at Context.eval (webpack://frontend/./cypress/e2e/Login.cy.js:288:72)",
                "diff": null
              },
              "uuid": "3c0a6949-835d-44f1-91dd-5391af555669",
              "parentUUID": "09ba3b80-12d3-4c24-95ac-0e27f41c5504",
              "isHook": false,
              "skipped": false
            },
            {
              "title": "trim estrito username (falha)",
              "fullTitle": "Login - falha proposital trim estrito username (falha)",
              "timedOut": null,
              "duration": 1099,
              "state": "failed",
              "speed": null,
              "pass": false,
              "fail": true,
              "pending": false,
              "context": "[\n  {\n    \"title\": \"cypress-mochawesome-reporter-videos-failed\",\n    \"value\": \"cypress\\\\e2e\\\\Login.cy.js\"\n  },\n  {\n    \"title\": \"cypress-mochawesome-reporter-screenshots\",\n    \"value\": [\n      [\n        \"\\\\Login.cy.js\\\\Login - falha proposital -- trim estrito username (falha) (failed).png\"\n      ]\n    ]\n  }\n]",
              "code": "cy.intercept('POST', LOGIN_URL, req => {\n  var _req$body2;\n  expect((_req$body2 = req.body) === null || _req$body2 === void 0 ? void 0 : _req$body2.username).to.eq('admin@example.com');\n  req.reply({\n    statusCode: 200,\n    body: {\n      access: 'a',\n      refresh: 'r'\n    }\n  });\n}).as('ok');\ntypeLogin('  admin@example.com  ', 'Pass12345!');\ncy.get('form.login-form button.form-button[type=\"submit\"]').click();\ncy.wait('@ok');",
              "err": {
                "message": "AssertionError: expected '  admin@example.com  ' to equal 'admin@example.com'",
                "estack": "AssertionError: expected '  admin@example.com  ' to equal 'admin@example.com'\n    at eval (webpack://frontend/./cypress/e2e/Login.cy.js:296:36)\n    at <unknown> (http://localhost:3000/__cypress/runner/cypress_runner.js:144517:12)\n    at tryCatcher (http://localhost:3000/__cypress/runner/cypress_runner.js:1777:23)\n    at Promise.attempt.Promise.try (http://localhost:3000/__cypress/runner/cypress_runner.js:4285:29)\n    at onBeforeRequest (http://localhost:3000/__cypress/runner/cypress_runner.js:144516:64)\n    at <unknown> (http://localhost:3000/__cypress/runner/cypress_runner.js:144194:28)",
                "diff": "- '  admin@example.com  '\n+ 'admin@example.com'\n"
              },
              "uuid": "c505684d-17d9-4603-b38c-a8a68359af67",
              "parentUUID": "09ba3b80-12d3-4c24-95ac-0e27f41c5504",
              "isHook": false,
              "skipped": false
            },
            {
              "title": "senha visivel por padrao (falha)",
              "fullTitle": "Login - falha proposital senha visivel por padrao (falha)",
              "timedOut": null,
              "duration": 4262,
              "state": "failed",
              "speed": null,
              "pass": false,
              "fail": true,
              "pending": false,
              "context": "[\n  {\n    \"title\": \"cypress-mochawesome-reporter-videos-failed\",\n    \"value\": \"cypress\\\\e2e\\\\Login.cy.js\"\n  },\n  {\n    \"title\": \"cypress-mochawesome-reporter-screenshots\",\n    \"value\": [\n      [\n        \"\\\\Login.cy.js\\\\Login - falha proposital -- senha visivel por padrao (falha) (failed).png\"\n      ]\n    ]\n  }\n]",
              "code": "cy.get('form.login-form input[name=\"password\"]').should('have.attr', 'type', 'text');",
              "err": {
                "message": "AssertionError: Timed out retrying after 4000ms: expected '<input.form-input>' to have attribute 'type' with the value 'text', but the value was 'password'",
                "estack": "AssertionError: Timed out retrying after 4000ms: expected '<input.form-input>' to have attribute 'type' with the value 'text', but the value was 'password'\n    at Context.eval (webpack://frontend/./cypress/e2e/Login.cy.js:306:53)",
                "diff": "- 'password'\n+ 'text'\n"
              },
              "uuid": "b40b8c45-916d-4aa2-adc1-dcaad6b3bd93",
              "parentUUID": "09ba3b80-12d3-4c24-95ac-0e27f41c5504",
              "isHook": false,
              "skipped": false
            },
            {
              "title": "contador de tentativas (falha)",
              "fullTitle": "Login - falha proposital contador de tentativas (falha)",
              "timedOut": null,
              "duration": 5283,
              "state": "failed",
              "speed": null,
              "pass": false,
              "fail": true,
              "pending": false,
              "context": "[\n  {\n    \"title\": \"cypress-mochawesome-reporter-videos-failed\",\n    \"value\": \"cypress\\\\e2e\\\\Login.cy.js\"\n  },\n  {\n    \"title\": \"cypress-mochawesome-reporter-screenshots\",\n    \"value\": [\n      [\n        \"\\\\Login.cy.js\\\\Login - falha proposital -- contador de tentativas (falha) (failed).png\"\n      ]\n    ]\n  }\n]",
              "code": "cy.intercept('POST', LOGIN_URL, {\n  statusCode: 401,\n  body: {\n    detail: 'Invalid credentials'\n  }\n}).as('fail');\ntypeLogin('admin@example.com', 'wrong');\ncy.get('form.login-form button.form-button[type=\"submit\"]').click();\ncy.wait('@fail');\ncy.get('[data-cy=\"attempts-left\"]').should('contain.text', '2 tentativas restantes');",
              "err": {
                "message": "AssertionError: Timed out retrying after 4000ms: Expected to find element: `[data-cy=\"attempts-left\"]`, but never found it.",
                "estack": "AssertionError: Timed out retrying after 4000ms: Expected to find element: `[data-cy=\"attempts-left\"]`, but never found it.\n    at Context.eval (webpack://frontend/./cypress/e2e/Login.cy.js:316:40)",
                "diff": null
              },
              "uuid": "a67dd108-bf30-4d5c-9abf-1ddad7add8dc",
              "parentUUID": "09ba3b80-12d3-4c24-95ac-0e27f41c5504",
              "isHook": false,
              "skipped": false
            }
          ],
          "suites": [],
          "passes": [],
          "failures": [
            "e728cfac-fea2-4cce-b219-29f7533878a3",
            "0839e0fc-81b5-4fc2-91a8-9d330a4ed996",
            "4927587a-7696-4fff-9ff9-5a828f8c34d8",
            "3c0a6949-835d-44f1-91dd-5391af555669",
            "c505684d-17d9-4603-b38c-a8a68359af67",
            "b40b8c45-916d-4aa2-adc1-dcaad6b3bd93",
            "a67dd108-bf30-4d5c-9abf-1ddad7add8dc"
          ],
          "pending": [],
          "skipped": [],
          "duration": 23044,
          "root": false,
          "rootEmpty": false,
          "_timeout": 2000
        }
      ],
      "passes": [],
      "failures": [],
      "pending": [],
      "skipped": [],
      "duration": 0,
      "root": true,
      "rootEmpty": true,
      "_timeout": 2000
    }
  ],
  "meta": {
    "mocha": {
      "version": "7.2.0"
    },
    "mochawesome": {
      "options": {
        "quiet": false,
        "reportFilename": "mochawesome",
        "saveHtml": false,
        "saveJson": true,
        "consoleReporter": "spec",
        "useInlineDiffs": false,
        "code": true
      },
      "version": "7.1.4"
    },
    "marge": {
      "options": {
        "reportDir": "reports/mochawesome",
        "overwrite": false,
        "html": false,
        "json": true
      },
      "version": "6.3.0"
    }
  }
}