{
  "stats": {
    "suites": 2,
    "tests": 23,
    "passes": 16,
    "pending": 0,
    "failures": 7,
    "start": "2025-10-21T11:17:42.582Z",
    "end": "2025-10-21T11:18:21.134Z",
    "duration": 38552,
    "testsRegistered": 23,
    "passPercent": 69.56521739130434,
    "pendingPercent": 0,
    "other": 0,
    "hasOther": false,
    "skipped": 0,
    "hasSkipped": false
  },
  "results": [
    {
      "uuid": "366ee93d-2c4d-40e5-adca-edf738cb9d20",
      "title": "",
      "fullFile": "cypress\\e2e\\Login.cy.js",
      "file": "cypress\\e2e\\Login.cy.js",
      "beforeHooks": [],
      "afterHooks": [],
      "tests": [],
      "suites": [
        {
          "uuid": "cdca534c-0f84-4c0d-9fb1-4cf736d4e335",
          "title": "Login",
          "fullFile": "",
          "file": "",
          "beforeHooks": [],
          "afterHooks": [],
          "tests": [
            {
              "title": "credenciais invalidas -> alerta",
              "fullTitle": "Login credenciais invalidas -> alerta",
              "timedOut": null,
              "duration": 1486,
              "state": "passed",
              "speed": "fast",
              "pass": true,
              "fail": false,
              "pending": false,
              "context": "{\n  \"title\": \"cypress-mochawesome-reporter-videos-passed\",\n  \"value\": \"cypress\\\\e2e\\\\Login.cy.js\"\n}",
              "code": "cy.intercept('POST', LOGIN_URL, {\n  statusCode: 401,\n  body: {\n    detail: 'Invalid credentials'\n  }\n}).as('loginFail');\ncy.window().then(win => cy.stub(win, 'alert').as('alert'));\ntypeLogin('admin@example.com', 'wrong');\ncy.get('form.login-form button.form-button[type=\"submit\"]').click();\ncy.wait('@loginFail');\ncy.get('@alert').should('have.been.called');\ncy.get('@alert').should('have.been.calledWithMatch', /invalid|inválid/i);\ncy.location('pathname').should('include', 'login');",
              "err": {},
              "uuid": "3e7d865d-aa69-47dc-b592-f602b9203f34",
              "parentUUID": "cdca534c-0f84-4c0d-9fb1-4cf736d4e335",
              "isHook": false,
              "skipped": false
            },
            {
              "title": "sucesso -> redireciona",
              "fullTitle": "Login sucesso -> redireciona",
              "timedOut": null,
              "duration": 1018,
              "state": "passed",
              "speed": "fast",
              "pass": true,
              "fail": false,
              "pending": false,
              "context": "{\n  \"title\": \"cypress-mochawesome-reporter-videos-passed\",\n  \"value\": \"cypress\\\\e2e\\\\Login.cy.js\"\n}",
              "code": "cy.intercept('POST', LOGIN_URL, {\n  statusCode: 200,\n  headers: {\n    'content-type': 'application/json'\n  },\n  body: {\n    access: 'fake-access-token',\n    refresh: 'fake-refresh-token'\n  }\n}).as('loginOk');\ntypeLogin('admin@example.com', 'Pass12345!');\ncy.get('form.login-form button.form-button[type=\"submit\"]').click();\ncy.wait('@loginOk');\ncy.location('pathname').should('not.include', 'login');",
              "err": {},
              "uuid": "1edbe883-7446-4da3-bb34-b266ad53ec1f",
              "parentUUID": "cdca534c-0f84-4c0d-9fb1-4cf736d4e335",
              "isHook": false,
              "skipped": false
            },
            {
              "title": "erro 500 -> alerta",
              "fullTitle": "Login erro 500 -> alerta",
              "timedOut": null,
              "duration": 986,
              "state": "passed",
              "speed": "fast",
              "pass": true,
              "fail": false,
              "pending": false,
              "context": "{\n  \"title\": \"cypress-mochawesome-reporter-videos-passed\",\n  \"value\": \"cypress\\\\e2e\\\\Login.cy.js\"\n}",
              "code": "cy.intercept('POST', LOGIN_URL, {\n  statusCode: 500,\n  body: {\n    detail: 'Server error'\n  }\n}).as('serverErr');\ncy.window().then(win => cy.stub(win, 'alert').as('alert'));\ntypeLogin('admin@example.com', 'Pass12345!');\ncy.get('form.login-form button.form-button[type=\"submit\"]').click();\ncy.wait('@serverErr');\ncy.get('@alert').should('have.been.calledWithMatch', /erro|servidor|tente novamente/i);\ncy.location('pathname').should('include', 'login');",
              "err": {},
              "uuid": "1d1368d9-d017-44d6-bb55-2f8239c0b71f",
              "parentUUID": "cdca534c-0f84-4c0d-9fb1-4cf736d4e335",
              "isHook": false,
              "skipped": false
            },
            {
              "title": "validacao 400 -> alerta",
              "fullTitle": "Login validacao 400 -> alerta",
              "timedOut": null,
              "duration": 213,
              "state": "passed",
              "speed": "fast",
              "pass": true,
              "fail": false,
              "pending": false,
              "context": "{\n  \"title\": \"cypress-mochawesome-reporter-videos-passed\",\n  \"value\": \"cypress\\\\e2e\\\\Login.cy.js\"\n}",
              "code": "cy.intercept('POST', LOGIN_URL, {\n  statusCode: 400,\n  body: {\n    username: ['Este campo é obrigatório.'],\n    password: ['Este campo é obrigatório.']\n  }\n}).as('badReq');\ncy.window().then(win => cy.stub(win, 'alert').as('alert'));\n// Desliga validacao nativa p/ permitir o POST sem campos\ncy.get('form.login-form').invoke('attr', 'novalidate', 'novalidate');\ncy.get('input[name=\"username\"]').invoke('prop', 'required', false);\ncy.get('input[name=\"password\"]').invoke('prop', 'required', false);\ncy.get('form.login-form button.form-button[type=\"submit\"]').click();\ncy.wait('@badReq');\ncy.get('@alert').should('have.been.called');\ncy.location('pathname').should('include', 'login');",
              "err": {},
              "uuid": "1ef5fb62-0bc5-4ce2-8a85-443c3aecddd3",
              "parentUUID": "cdca534c-0f84-4c0d-9fb1-4cf736d4e335",
              "isHook": false,
              "skipped": false
            },
            {
              "title": "401 sem detail -> alerta",
              "fullTitle": "Login 401 sem detail -> alerta",
              "timedOut": null,
              "duration": 953,
              "state": "passed",
              "speed": "fast",
              "pass": true,
              "fail": false,
              "pending": false,
              "context": "{\n  \"title\": \"cypress-mochawesome-reporter-videos-passed\",\n  \"value\": \"cypress\\\\e2e\\\\Login.cy.js\"\n}",
              "code": "cy.intercept('POST', LOGIN_URL, {\n  statusCode: 401,\n  body: {\n    error: 'no-detail'\n  }\n}).as('weird');\ncy.window().then(win => cy.stub(win, 'alert').as('alert'));\ntypeLogin('admin@example.com', 'wrong');\ncy.get('form.login-form button.form-button[type=\"submit\"]').click();\ncy.wait('@weird');\ncy.get('@alert').should('have.been.called');\ncy.location('pathname').should('include', 'login');",
              "err": {},
              "uuid": "81698d5f-07cd-4ff6-ac61-08f0d6012f43",
              "parentUUID": "cdca534c-0f84-4c0d-9fb1-4cf736d4e335",
              "isHook": false,
              "skipped": false
            },
            {
              "title": "link cadastro funciona",
              "fullTitle": "Login link cadastro funciona",
              "timedOut": null,
              "duration": 227,
              "state": "passed",
              "speed": "fast",
              "pass": true,
              "fail": false,
              "pending": false,
              "context": "{\n  \"title\": \"cypress-mochawesome-reporter-videos-passed\",\n  \"value\": \"cypress\\\\e2e\\\\Login.cy.js\"\n}",
              "code": "cy.contains('a', /sign\\s*up|criar\\s*conta/i).click({\n  force: true\n});\ncy.location('pathname').should('match', /register|signup|sign\\-up|cadastro/i);",
              "err": {},
              "uuid": "8c6ed4a6-776d-4f0d-88b4-96744b63a6ab",
              "parentUUID": "cdca534c-0f84-4c0d-9fb1-4cf736d4e335",
              "isHook": false,
              "skipped": false
            },
            {
              "title": "senha oculta por padrao (toggle se existir)",
              "fullTitle": "Login senha oculta por padrao (toggle se existir)",
              "timedOut": null,
              "duration": 115,
              "state": "passed",
              "speed": "fast",
              "pass": true,
              "fail": false,
              "pending": false,
              "context": "{\n  \"title\": \"cypress-mochawesome-reporter-videos-passed\",\n  \"value\": \"cypress\\\\e2e\\\\Login.cy.js\"\n}",
              "code": "cy.get('form.login-form input[name=\"password\"]').should('have.attr', 'type', 'password');\ncy.get('body').then($b => {\n  const selectors = ['[data-cy=\"toggle-password\"]', 'button[aria-label*=\"mostrar\"]', 'button[aria-label*=\"show\"]', '.password-toggle', 'button:contains(\"Mostrar\")', 'button:contains(\"Show\")'];\n  const found = selectors.find(s => $b.find(s).length > 0);\n  if (found) {\n    cy.get(found).click();\n    cy.get('form.login-form input[name=\"password\"]').should('have.attr', 'type', 'text');\n  }\n});",
              "err": {},
              "uuid": "a1557cf9-8308-4ae3-b168-cc23b90105b1",
              "parentUUID": "cdca534c-0f84-4c0d-9fb1-4cf736d4e335",
              "isHook": false,
              "skipped": false
            },
            {
              "title": "required bloqueia username vazio",
              "fullTitle": "Login required bloqueia username vazio",
              "timedOut": null,
              "duration": 821,
              "state": "passed",
              "speed": "fast",
              "pass": true,
              "fail": false,
              "pending": false,
              "context": "{\n  \"title\": \"cypress-mochawesome-reporter-videos-passed\",\n  \"value\": \"cypress\\\\e2e\\\\Login.cy.js\"\n}",
              "code": "cy.intercept('POST', LOGIN_URL, () => {\n  throw new Error('Nao deveria chamar API com username vazio (required)');\n}).as('guard');\ncy.get('form.login-form input[name=\"username\"]').clear(); // vazio\ncy.get('form.login-form input[name=\"password\"]').clear().type('Pass12345!');\ncy.get('form.login-form button.form-button[type=\"submit\"]').click();\ncy.get('form.login-form').then($f => expect($f[0].checkValidity()).to.eq(false));\ncy.get('form.login-form input[name=\"username\"]').then($i => expect($i[0].checkValidity()).to.eq(false));\ncy.location('pathname').should('include', 'login');\ncy.wait(100);",
              "err": {},
              "uuid": "80a13b69-028f-4a23-8f86-2b3aab4f5a0c",
              "parentUUID": "cdca534c-0f84-4c0d-9fb1-4cf736d4e335",
              "isHook": false,
              "skipped": false
            },
            {
              "title": "required bloqueia password vazio",
              "fullTitle": "Login required bloqueia password vazio",
              "timedOut": null,
              "duration": 932,
              "state": "passed",
              "speed": "fast",
              "pass": true,
              "fail": false,
              "pending": false,
              "context": "{\n  \"title\": \"cypress-mochawesome-reporter-videos-passed\",\n  \"value\": \"cypress\\\\e2e\\\\Login.cy.js\"\n}",
              "code": "cy.intercept('POST', LOGIN_URL, () => {\n  throw new Error('Nao deveria chamar API com password vazio (required)');\n}).as('guard');\ncy.get('form.login-form input[name=\"username\"]').clear().type('admin@example.com');\ncy.get('form.login-form input[name=\"password\"]').clear(); // vazio\ncy.get('form.login-form button.form-button[type=\"submit\"]').click();\ncy.get('form.login-form').then($f => expect($f[0].checkValidity()).to.eq(false));\ncy.get('form.login-form input[name=\"password\"]').then($i => expect($i[0].checkValidity()).to.eq(false));\ncy.location('pathname').should('include', 'login');\ncy.wait(100);",
              "err": {},
              "uuid": "5ff8b3f8-3a1b-40ab-820c-88b5bc963fa8",
              "parentUUID": "cdca534c-0f84-4c0d-9fb1-4cf736d4e335",
              "isHook": false,
              "skipped": false
            },
            {
              "title": "enter no password envia",
              "fullTitle": "Login enter no password envia",
              "timedOut": null,
              "duration": 903,
              "state": "passed",
              "speed": "fast",
              "pass": true,
              "fail": false,
              "pending": false,
              "context": "{\n  \"title\": \"cypress-mochawesome-reporter-videos-passed\",\n  \"value\": \"cypress\\\\e2e\\\\Login.cy.js\"\n}",
              "code": "cy.intercept('POST', LOGIN_URL, {\n  statusCode: 200,\n  body: {\n    access: 'fake-access-token',\n    refresh: 'fake-refresh-token'\n  }\n}).as('loginOkEnter');\ncy.get('form.login-form input[name=\"username\"]').clear().type('admin@example.com');\ncy.get('form.login-form input[name=\"password\"]').clear().type('Pass12345!{enter}');\ncy.wait('@loginOkEnter');",
              "err": {},
              "uuid": "745defac-1c74-40ca-906b-18d3103e927f",
              "parentUUID": "cdca534c-0f84-4c0d-9fb1-4cf736d4e335",
              "isHook": false,
              "skipped": false
            },
            {
              "title": "payload correto",
              "fullTitle": "Login payload correto",
              "timedOut": null,
              "duration": 1171,
              "state": "passed",
              "speed": "fast",
              "pass": true,
              "fail": false,
              "pending": false,
              "context": "{\n  \"title\": \"cypress-mochawesome-reporter-videos-passed\",\n  \"value\": \"cypress\\\\e2e\\\\Login.cy.js\"\n}",
              "code": "cy.intercept('POST', LOGIN_URL, req => {\n  expect(req.method).to.eq('POST');\n  expect(req.body).to.have.property('username', 'admin@example.com');\n  expect(req.body).to.have.property('password');\n  req.reply({\n    statusCode: 200,\n    body: {\n      access: 'fake-access-token',\n      refresh: 'fake-refresh-token'\n    }\n  });\n}).as('loginPayload');\ntypeLogin('admin@example.com', 'Pass12345!');\ncy.get('form.login-form button.form-button[type=\"submit\"]').click();\ncy.wait('@loginPayload');",
              "err": {},
              "uuid": "aaa2472e-bcb5-497f-8354-1879085a444d",
              "parentUUID": "cdca534c-0f84-4c0d-9fb1-4cf736d4e335",
              "isHook": false,
              "skipped": false
            },
            {
              "title": "endpoint url ok",
              "fullTitle": "Login endpoint url ok",
              "timedOut": null,
              "duration": 966,
              "state": "passed",
              "speed": "fast",
              "pass": true,
              "fail": false,
              "pending": false,
              "context": "{\n  \"title\": \"cypress-mochawesome-reporter-videos-passed\",\n  \"value\": \"cypress\\\\e2e\\\\Login.cy.js\"\n}",
              "code": "cy.intercept('POST', LOGIN_URL, req => {\n  expect(req.url).to.match(/\\/api\\/users\\/login\\/?/);\n  req.reply({\n    statusCode: 200,\n    body: {\n      access: 'fake-access-token',\n      refresh: 'fake-refresh-token'\n    }\n  });\n}).as('loginUrl');\ntypeLogin('admin@example.com', 'Pass12345!');\ncy.get('form.login-form button.form-button[type=\"submit\"]').click();\ncy.wait('@loginUrl');",
              "err": {},
              "uuid": "e496af93-1518-4991-9ae4-780222971a52",
              "parentUUID": "cdca534c-0f84-4c0d-9fb1-4cf736d4e335",
              "isHook": false,
              "skipped": false
            },
            {
              "title": "username com espacos tolerante",
              "fullTitle": "Login username com espacos tolerante",
              "timedOut": null,
              "duration": 1038,
              "state": "passed",
              "speed": "fast",
              "pass": true,
              "fail": false,
              "pending": false,
              "context": "{\n  \"title\": \"cypress-mochawesome-reporter-videos-passed\",\n  \"value\": \"cypress\\\\e2e\\\\Login.cy.js\"\n}",
              "code": "cy.intercept('POST', LOGIN_URL, req => {\n  var _req$body;\n  const u = String(((_req$body = req.body) === null || _req$body === void 0 ? void 0 : _req$body.username) || '');\n  expect(u.replace(/\\s/g, '')).to.eq('admin@example.com');\n  req.reply({\n    statusCode: 200,\n    body: {\n      access: 'fake-access-token',\n      refresh: 'fake-refresh-token'\n    }\n  });\n}).as('loginTrimTol');\ntypeLogin('  admin@example.com  ', 'Pass12345!');\ncy.get('form.login-form button.form-button[type=\"submit\"]').click();\ncy.wait('@loginTrimTol');",
              "err": {},
              "uuid": "080a3456-0231-45f3-8633-a439590f9b46",
              "parentUUID": "cdca534c-0f84-4c0d-9fb1-4cf736d4e335",
              "isHook": false,
              "skipped": false
            },
            {
              "title": "401 pt en -> alerta",
              "fullTitle": "Login 401 pt en -> alerta",
              "timedOut": null,
              "duration": 880,
              "state": "passed",
              "speed": "fast",
              "pass": true,
              "fail": false,
              "pending": false,
              "context": "{\n  \"title\": \"cypress-mochawesome-reporter-videos-passed\",\n  \"value\": \"cypress\\\\e2e\\\\Login.cy.js\"\n}",
              "code": "cy.intercept('POST', LOGIN_URL, {\n  statusCode: 401,\n  body: {\n    detail: 'Credenciais inválidas'\n  }\n}).as('pt401');\ncy.window().then(win => cy.stub(win, 'alert').as('alert'));\ntypeLogin('admin@example.com', 'wrong');\ncy.get('form.login-form button.form-button[type=\"submit\"]').click();\ncy.wait('@pt401');\ncy.get('@alert').should('have.been.called');",
              "err": {},
              "uuid": "47bbe612-a945-45ab-af2d-370ec5995f1f",
              "parentUUID": "cdca534c-0f84-4c0d-9fb1-4cf736d4e335",
              "isHook": false,
              "skipped": false
            },
            {
              "title": "erro de rede -> alerta",
              "fullTitle": "Login erro de rede -> alerta",
              "timedOut": null,
              "duration": 1289,
              "state": "passed",
              "speed": "fast",
              "pass": true,
              "fail": false,
              "pending": false,
              "context": "{\n  \"title\": \"cypress-mochawesome-reporter-videos-passed\",\n  \"value\": \"cypress\\\\e2e\\\\Login.cy.js\"\n}",
              "code": "cy.intercept('POST', LOGIN_URL, {\n  forceNetworkError: true\n}).as('netErr');\ncy.window().then(win => cy.stub(win, 'alert').as('alert'));\ntypeLogin('admin@example.com', 'Pass12345!');\ncy.get('form.login-form button.form-button[type=\"submit\"]').click();\ncy.wait('@netErr');\ncy.get('@alert').should('have.been.called');\ncy.location('pathname').should('include', 'login');",
              "err": {},
              "uuid": "33908c42-5090-4b8c-8beb-b860ca8bf719",
              "parentUUID": "cdca534c-0f84-4c0d-9fb1-4cf736d4e335",
              "isHook": false,
              "skipped": false
            },
            {
              "title": "apos sucesso localStorage tem access",
              "fullTitle": "Login apos sucesso localStorage tem access",
              "timedOut": null,
              "duration": 941,
              "state": "passed",
              "speed": "fast",
              "pass": true,
              "fail": false,
              "pending": false,
              "context": "{\n  \"title\": \"cypress-mochawesome-reporter-videos-passed\",\n  \"value\": \"cypress\\\\e2e\\\\Login.cy.js\"\n}",
              "code": "cy.intercept('POST', LOGIN_URL, {\n  statusCode: 200,\n  body: {\n    access: 'fake-access-token',\n    refresh: 'fake-refresh-token'\n  }\n}).as('loginOkLS');\ntypeLogin('admin@example.com', 'Pass12345!');\ncy.get('form.login-form button.form-button[type=\"submit\"]').click();\ncy.wait('@loginOkLS');\ncy.window().then(win => {\n  const hasAccessToken = Object.keys(win.localStorage).some(k => win.localStorage.getItem(k) === 'fake-access-token');\n  expect(hasAccessToken).to.eq(true);\n});",
              "err": {},
              "uuid": "6a1957c5-4086-47fe-a0aa-b6d8a54ea506",
              "parentUUID": "cdca534c-0f84-4c0d-9fb1-4cf736d4e335",
              "isHook": false,
              "skipped": false
            }
          ],
          "suites": [],
          "passes": [
            "3e7d865d-aa69-47dc-b592-f602b9203f34",
            "1edbe883-7446-4da3-bb34-b266ad53ec1f",
            "1d1368d9-d017-44d6-bb55-2f8239c0b71f",
            "1ef5fb62-0bc5-4ce2-8a85-443c3aecddd3",
            "81698d5f-07cd-4ff6-ac61-08f0d6012f43",
            "8c6ed4a6-776d-4f0d-88b4-96744b63a6ab",
            "a1557cf9-8308-4ae3-b168-cc23b90105b1",
            "80a13b69-028f-4a23-8f86-2b3aab4f5a0c",
            "5ff8b3f8-3a1b-40ab-820c-88b5bc963fa8",
            "745defac-1c74-40ca-906b-18d3103e927f",
            "aaa2472e-bcb5-497f-8354-1879085a444d",
            "e496af93-1518-4991-9ae4-780222971a52",
            "080a3456-0231-45f3-8633-a439590f9b46",
            "47bbe612-a945-45ab-af2d-370ec5995f1f",
            "33908c42-5090-4b8c-8beb-b860ca8bf719",
            "6a1957c5-4086-47fe-a0aa-b6d8a54ea506"
          ],
          "failures": [],
          "pending": [],
          "skipped": [],
          "duration": 13939,
          "root": false,
          "rootEmpty": false,
          "_timeout": 2000
        },
        {
          "uuid": "bedaf9b0-b465-4336-8fbe-0d8a0a1f1c78",
          "title": "Login - falha proposital",
          "fullFile": "",
          "file": "",
          "beforeHooks": [],
          "afterHooks": [],
          "tests": [
            {
              "title": "espera toast no DOM (falha)",
              "fullTitle": "Login - falha proposital espera toast no DOM (falha)",
              "timedOut": null,
              "duration": 5013,
              "state": "failed",
              "speed": null,
              "pass": false,
              "fail": true,
              "pending": false,
              "context": "[\n  {\n    \"title\": \"cypress-mochawesome-reporter-videos-failed\",\n    \"value\": \"cypress\\\\e2e\\\\Login.cy.js\"\n  },\n  {\n    \"title\": \"cypress-mochawesome-reporter-screenshots\",\n    \"value\": [\n      [\n        \"\\\\Login.cy.js\\\\Login - falha proposital -- espera toast no DOM (falha) (failed).png\"\n      ]\n    ]\n  }\n]",
              "code": "cy.intercept('POST', LOGIN_URL, {\n  statusCode: 401,\n  body: {\n    detail: 'Invalid credentials'\n  }\n}).as('fail');\ntypeLogin('admin@example.com', 'wrong');\ncy.get('form.login-form button.form-button[type=\"submit\"]').click();\ncy.wait('@fail');\ncy.get('[role=\"alert\"], .toast-error, .alert-danger').should('contain.text', 'Invalid credentials');",
              "err": {
                "message": "AssertionError: Timed out retrying after 4000ms: Expected to find element: `[role=\"alert\"], .toast-error, .alert-danger`, but never found it.",
                "estack": "AssertionError: Timed out retrying after 4000ms: Expected to find element: `[role=\"alert\"], .toast-error, .alert-danger`, but never found it.\n    at Context.eval (webpack://frontend/./cypress/e2e/Login.cy.js:248:58)",
                "diff": null
              },
              "uuid": "c6e35d84-12a2-477d-beae-e9598e837857",
              "parentUUID": "bedaf9b0-b465-4336-8fbe-0d8a0a1f1c78",
              "isHook": false,
              "skipped": false
            },
            {
              "title": "espera /dashboard (falha)",
              "fullTitle": "Login - falha proposital espera /dashboard (falha)",
              "timedOut": null,
              "duration": 5110,
              "state": "failed",
              "speed": null,
              "pass": false,
              "fail": true,
              "pending": false,
              "context": "[\n  {\n    \"title\": \"cypress-mochawesome-reporter-videos-failed\",\n    \"value\": \"cypress\\\\e2e\\\\Login.cy.js\"\n  },\n  {\n    \"title\": \"cypress-mochawesome-reporter-screenshots\",\n    \"value\": [\n      [\n        \"\\\\Login.cy.js\\\\Login - falha proposital -- espera dashboard (falha) (failed).png\"\n      ]\n    ]\n  }\n]",
              "code": "cy.intercept('POST', LOGIN_URL, {\n  statusCode: 200,\n  body: {\n    access: 'a',\n    refresh: 'r'\n  }\n}).as('ok');\ntypeLogin('admin@example.com', 'Pass12345!');\ncy.get('form.login-form button.form-button[type=\"submit\"]').click();\ncy.wait('@ok');\ncy.location('pathname').should('eq', '/dashboard');",
              "err": {
                "message": "AssertionError: Timed out retrying after 4000ms: expected '/' to equal '/dashboard'",
                "estack": "AssertionError: Timed out retrying after 4000ms: expected '/' to equal '/dashboard'\n    at Context.eval (webpack://frontend/./cypress/e2e/Login.cy.js:261:28)",
                "diff": "- '/'\n+ '/dashboard'\n"
              },
              "uuid": "7c6d13f0-ef58-4f77-9bb4-926e6c2936e4",
              "parentUUID": "bedaf9b0-b465-4336-8fbe-0d8a0a1f1c78",
              "isHook": false,
              "skipped": false
            },
            {
              "title": "espera jwt_access no storage (falha)",
              "fullTitle": "Login - falha proposital espera jwt_access no storage (falha)",
              "timedOut": null,
              "duration": 1308,
              "state": "failed",
              "speed": null,
              "pass": false,
              "fail": true,
              "pending": false,
              "context": "[\n  {\n    \"title\": \"cypress-mochawesome-reporter-videos-failed\",\n    \"value\": \"cypress\\\\e2e\\\\Login.cy.js\"\n  },\n  {\n    \"title\": \"cypress-mochawesome-reporter-screenshots\",\n    \"value\": [\n      [\n        \"\\\\Login.cy.js\\\\Login - falha proposital -- espera jwt_access no storage (falha) (failed).png\"\n      ]\n    ]\n  }\n]",
              "code": "cy.intercept('POST', LOGIN_URL, {\n  statusCode: 200,\n  body: {\n    access: 'a',\n    refresh: 'r'\n  }\n}).as('ok');\ntypeLogin('admin@example.com', 'Pass12345!');\ncy.get('form.login-form button.form-button[type=\"submit\"]').click();\ncy.wait('@ok');\ncy.window().then(win => {\n  expect(win.localStorage.getItem('jwt_access')).to.be.a('string');\n  expect(win.localStorage.getItem('jwt_refresh')).to.be.a('string');\n});",
              "err": {
                "message": "AssertionError: expected null to be a string",
                "estack": "AssertionError: expected null to be a string\n    at Context.eval (webpack://frontend/./cypress/e2e/Login.cy.js:275:60)\n    at getRet (http://localhost:3000/__cypress/runner/cypress_runner.js:122243:20)\n    at tryCatcher (http://localhost:3000/__cypress/runner/cypress_runner.js:1777:23)\n    at Promise.attempt.Promise.try (http://localhost:3000/__cypress/runner/cypress_runner.js:4285:29)\n    at Context.thenFn (http://localhost:3000/__cypress/runner/cypress_runner.js:122254:66)\n    at Context.then (http://localhost:3000/__cypress/runner/cypress_runner.js:122505:21)",
                "diff": null
              },
              "uuid": "dbf8ae9f-cb90-4d23-8c59-5c355418abd2",
              "parentUUID": "bedaf9b0-b465-4336-8fbe-0d8a0a1f1c78",
              "isHook": false,
              "skipped": false
            },
            {
              "title": "duplo clique -> 1 request (falha)",
              "fullTitle": "Login - falha proposital duplo clique -> 1 request (falha)",
              "timedOut": null,
              "duration": 1357,
              "state": "failed",
              "speed": null,
              "pass": false,
              "fail": true,
              "pending": false,
              "context": "[\n  {\n    \"title\": \"cypress-mochawesome-reporter-videos-failed\",\n    \"value\": \"cypress\\\\e2e\\\\Login.cy.js\"\n  },\n  {\n    \"title\": \"cypress-mochawesome-reporter-screenshots\",\n    \"value\": [\n      [\n        \"\\\\Login.cy.js\\\\Login - falha proposital -- duplo clique - 1 request (falha) (failed).png\"\n      ]\n    ]\n  }\n]",
              "code": "let hits = 0;\ncy.intercept('POST', LOGIN_URL, req => {\n  hits += 1;\n  req.reply({\n    statusCode: 200,\n    body: {\n      access: 'a',\n      refresh: 'r'\n    }\n  });\n}).as('ok');\ntypeLogin('admin@example.com', 'Pass12345!');\ncy.get('form.login-form button.form-button[type=\"submit\"]').click().click();\ncy.wait('@ok');\ncy.wrap(null).should(() => expect(hits).to.eq(1));",
              "err": {
                "message": "CypressError: `cy.click()` failed because the page updated as a result of this command, but you tried to continue the command chain. The subject is no longer attached to the DOM, and Cypress cannot requery the page after commands such as `cy.click()`.\n\nCommon situations why this happens:\n  - Your JS framework re-rendered asynchronously\n  - Your app code reacted to an event firing and removed the element\n\nYou can typically solve this by breaking up a chain. For example, rewrite:\n\n> `cy.get('button').click().should('have.class', 'active')`\n\nto\n\n> `cy.get('button').as('btn').click()`\n> `cy.get('@btn').should('have.class', 'active')`\n\nhttps://on.cypress.io/element-has-detached-from-dom",
                "estack": "CypressError: `cy.click()` failed because the page updated as a result of this command, but you tried to continue the command chain. The subject is no longer attached to the DOM, and Cypress cannot requery the page after commands such as `cy.click()`.\n\nCommon situations why this happens:\n  - Your JS framework re-rendered asynchronously\n  - Your app code reacted to an event firing and removed the element\n\nYou can typically solve this by breaking up a chain. For example, rewrite:\n\n> `cy.get('button').click().should('have.class', 'active')`\n\nto\n\n> `cy.get('button').as('btn').click()`\n> `cy.get('@btn').should('have.class', 'active')`\n\nhttps://on.cypress.io/element-has-detached-from-dom\n    at isAttached (http://localhost:3000/__cypress/runner/cypress_runner.js:152448:58)\n    at validateType (http://localhost:3000/__cypress/runner/cypress_runner.js:152318:9)\n    at Object.isType (http://localhost:3000/__cypress/runner/cypress_runner.js:152353:7)\n    at $Cy.pushSubject (http://localhost:3000/__cypress/runner/cypress_runner.js:146022:22)\n    at wrapped (http://localhost:3000/__cypress/runner/cypress_runner.js:145576:19)\nFrom Your Spec Code:\n    at Context.eval (webpack://frontend/./cypress/e2e/Login.cy.js:288:72)",
                "diff": null
              },
              "uuid": "c73cd7c8-7c95-4f48-b598-f9aeee4e24ed",
              "parentUUID": "bedaf9b0-b465-4336-8fbe-0d8a0a1f1c78",
              "isHook": false,
              "skipped": false
            },
            {
              "title": "trim estrito username (falha)",
              "fullTitle": "Login - falha proposital trim estrito username (falha)",
              "timedOut": null,
              "duration": 1386,
              "state": "failed",
              "speed": null,
              "pass": false,
              "fail": true,
              "pending": false,
              "context": "[\n  {\n    \"title\": \"cypress-mochawesome-reporter-videos-failed\",\n    \"value\": \"cypress\\\\e2e\\\\Login.cy.js\"\n  },\n  {\n    \"title\": \"cypress-mochawesome-reporter-screenshots\",\n    \"value\": [\n      [\n        \"\\\\Login.cy.js\\\\Login - falha proposital -- trim estrito username (falha) (failed).png\"\n      ]\n    ]\n  }\n]",
              "code": "cy.intercept('POST', LOGIN_URL, req => {\n  var _req$body2;\n  expect((_req$body2 = req.body) === null || _req$body2 === void 0 ? void 0 : _req$body2.username).to.eq('admin@example.com');\n  req.reply({\n    statusCode: 200,\n    body: {\n      access: 'a',\n      refresh: 'r'\n    }\n  });\n}).as('ok');\ntypeLogin('  admin@example.com  ', 'Pass12345!');\ncy.get('form.login-form button.form-button[type=\"submit\"]').click();\ncy.wait('@ok');",
              "err": {
                "message": "AssertionError: expected '  admin@example.com  ' to equal 'admin@example.com'",
                "estack": "AssertionError: expected '  admin@example.com  ' to equal 'admin@example.com'\n    at eval (webpack://frontend/./cypress/e2e/Login.cy.js:296:36)\n    at <unknown> (http://localhost:3000/__cypress/runner/cypress_runner.js:144517:12)\n    at tryCatcher (http://localhost:3000/__cypress/runner/cypress_runner.js:1777:23)\n    at Promise.attempt.Promise.try (http://localhost:3000/__cypress/runner/cypress_runner.js:4285:29)\n    at onBeforeRequest (http://localhost:3000/__cypress/runner/cypress_runner.js:144516:64)\n    at <unknown> (http://localhost:3000/__cypress/runner/cypress_runner.js:144194:28)",
                "diff": "- '  admin@example.com  '\n+ 'admin@example.com'\n"
              },
              "uuid": "ef4f127e-98ca-472f-be24-c7c082d7d413",
              "parentUUID": "bedaf9b0-b465-4336-8fbe-0d8a0a1f1c78",
              "isHook": false,
              "skipped": false
            },
            {
              "title": "senha visivel por padrao (falha)",
              "fullTitle": "Login - falha proposital senha visivel por padrao (falha)",
              "timedOut": null,
              "duration": 4330,
              "state": "failed",
              "speed": null,
              "pass": false,
              "fail": true,
              "pending": false,
              "context": "[\n  {\n    \"title\": \"cypress-mochawesome-reporter-videos-failed\",\n    \"value\": \"cypress\\\\e2e\\\\Login.cy.js\"\n  },\n  {\n    \"title\": \"cypress-mochawesome-reporter-screenshots\",\n    \"value\": [\n      [\n        \"\\\\Login.cy.js\\\\Login - falha proposital -- senha visivel por padrao (falha) (failed).png\"\n      ]\n    ]\n  }\n]",
              "code": "cy.get('form.login-form input[name=\"password\"]').should('have.attr', 'type', 'text');",
              "err": {
                "message": "AssertionError: Timed out retrying after 4000ms: expected '<input.form-input>' to have attribute 'type' with the value 'text', but the value was 'password'",
                "estack": "AssertionError: Timed out retrying after 4000ms: expected '<input.form-input>' to have attribute 'type' with the value 'text', but the value was 'password'\n    at Context.eval (webpack://frontend/./cypress/e2e/Login.cy.js:306:53)",
                "diff": "- 'password'\n+ 'text'\n"
              },
              "uuid": "8d043cb0-2f54-4d52-a6f4-891dd598bb2d",
              "parentUUID": "bedaf9b0-b465-4336-8fbe-0d8a0a1f1c78",
              "isHook": false,
              "skipped": false
            },
            {
              "title": "contador de tentativas (falha)",
              "fullTitle": "Login - falha proposital contador de tentativas (falha)",
              "timedOut": null,
              "duration": 5483,
              "state": "failed",
              "speed": null,
              "pass": false,
              "fail": true,
              "pending": false,
              "context": "[\n  {\n    \"title\": \"cypress-mochawesome-reporter-videos-failed\",\n    \"value\": \"cypress\\\\e2e\\\\Login.cy.js\"\n  },\n  {\n    \"title\": \"cypress-mochawesome-reporter-screenshots\",\n    \"value\": [\n      [\n        \"\\\\Login.cy.js\\\\Login - falha proposital -- contador de tentativas (falha) (failed).png\"\n      ]\n    ]\n  }\n]",
              "code": "cy.intercept('POST', LOGIN_URL, {\n  statusCode: 401,\n  body: {\n    detail: 'Invalid credentials'\n  }\n}).as('fail');\ntypeLogin('admin@example.com', 'wrong');\ncy.get('form.login-form button.form-button[type=\"submit\"]').click();\ncy.wait('@fail');\ncy.get('[data-cy=\"attempts-left\"]').should('contain.text', '2 tentativas restantes');",
              "err": {
                "message": "AssertionError: Timed out retrying after 4000ms: Expected to find element: `[data-cy=\"attempts-left\"]`, but never found it.",
                "estack": "AssertionError: Timed out retrying after 4000ms: Expected to find element: `[data-cy=\"attempts-left\"]`, but never found it.\n    at Context.eval (webpack://frontend/./cypress/e2e/Login.cy.js:316:40)",
                "diff": null
              },
              "uuid": "d3eb9945-cca6-4651-bcb4-07b1b90e652f",
              "parentUUID": "bedaf9b0-b465-4336-8fbe-0d8a0a1f1c78",
              "isHook": false,
              "skipped": false
            }
          ],
          "suites": [],
          "passes": [],
          "failures": [
            "c6e35d84-12a2-477d-beae-e9598e837857",
            "7c6d13f0-ef58-4f77-9bb4-926e6c2936e4",
            "dbf8ae9f-cb90-4d23-8c59-5c355418abd2",
            "c73cd7c8-7c95-4f48-b598-f9aeee4e24ed",
            "ef4f127e-98ca-472f-be24-c7c082d7d413",
            "8d043cb0-2f54-4d52-a6f4-891dd598bb2d",
            "d3eb9945-cca6-4651-bcb4-07b1b90e652f"
          ],
          "pending": [],
          "skipped": [],
          "duration": 23987,
          "root": false,
          "rootEmpty": false,
          "_timeout": 2000
        }
      ],
      "passes": [],
      "failures": [],
      "pending": [],
      "skipped": [],
      "duration": 0,
      "root": true,
      "rootEmpty": true,
      "_timeout": 2000
    }
  ],
  "meta": {
    "mocha": {
      "version": "7.2.0"
    },
    "mochawesome": {
      "options": {
        "quiet": false,
        "reportFilename": "mochawesome",
        "saveHtml": true,
        "saveJson": true,
        "consoleReporter": "spec",
        "useInlineDiffs": false,
        "code": true
      },
      "version": "7.1.4"
    },
    "marge": {
      "options": null,
      "version": "6.3.0"
    }
  }
}