{
  "stats": {
    "suites": 3,
    "tests": 14,
    "passes": 14,
    "pending": 0,
    "failures": 0,
    "start": "2025-11-23T20:31:09.001Z",
    "end": "2025-11-23T20:31:19.026Z",
    "duration": 10025,
    "testsRegistered": 14,
    "passPercent": 100,
    "pendingPercent": 0,
    "other": 0,
    "hasOther": false,
    "skipped": 0,
    "hasSkipped": false
  },
  "results": [
    {
      "uuid": "aecf5bbb-d635-4e35-b7ef-9484009297f5",
      "title": "",
      "fullFile": "cypress\\e2e\\Register.cy.js",
      "file": "cypress\\e2e\\Register.cy.js",
      "beforeHooks": [],
      "afterHooks": [],
      "tests": [],
      "suites": [
        {
          "uuid": "1108936e-7158-44cb-8ae0-41400ab8503b",
          "title": "Registro - testes funcionais",
          "fullFile": "",
          "file": "",
          "beforeHooks": [],
          "afterHooks": [],
          "tests": [
            {
              "title": "renderiza formulário completo",
              "fullTitle": "Registro - testes funcionais renderiza formulário completo",
              "timedOut": null,
              "duration": 257,
              "state": "passed",
              "speed": "fast",
              "pass": true,
              "fail": false,
              "pending": false,
              "context": "{\n  \"title\": \"cypress-mochawesome-reporter-videos-passed\",\n  \"value\": \"cypress\\\\e2e\\\\Register.cy.js\"\n}",
              "code": "cy.contains(/give\\.me/i);\ncy.contains(/crie sua conta/i);\n// Verifica se há inputs no formulário\ncy.get('form').find('input').should('have.length.at.least', 4);\ncy.get('button[type=\"submit\"]').should('be.visible');\ncy.contains('a', /sign\\s*in/i).should('exist');",
              "err": {},
              "uuid": "18a1bd0e-f85f-4a3a-9981-32a2244f3c15",
              "parentUUID": "1108936e-7158-44cb-8ae0-41400ab8503b",
              "isHook": false,
              "skipped": false
            },
            {
              "title": "sucesso 201 redireciona para login",
              "fullTitle": "Registro - testes funcionais sucesso 201 redireciona para login",
              "timedOut": null,
              "duration": 1213,
              "state": "passed",
              "speed": "fast",
              "pass": true,
              "fail": false,
              "pending": false,
              "context": "{\n  \"title\": \"cypress-mochawesome-reporter-videos-passed\",\n  \"value\": \"cypress\\\\e2e\\\\Register.cy.js\"\n}",
              "code": "cy.intercept('POST', REGISTER_URL, {\n  statusCode: 201,\n  body: {\n    id: 1,\n    email: 'user@example.com'\n  }\n}).as('regOk');\n// Preenche usando seletores mais específicos\ncy.get('form').within(() => {\n  cy.get('input').eq(0).type('Ada');\n  cy.get('input').eq(1).type('Lovelace');\n  cy.get('input').eq(2).type('user@example.com');\n  cy.get('input').eq(3).type('Pass12345!');\n});\ncy.get('button[type=\"submit\"]').click();\ncy.wait('@regOk');\ncy.location('pathname').should('eq', '/login');",
              "err": {},
              "uuid": "5e6d0359-e4b6-4365-99ce-86e009e35fa2",
              "parentUUID": "1108936e-7158-44cb-8ae0-41400ab8503b",
              "isHook": false,
              "skipped": false
            },
            {
              "title": "email já existe 409 mostra alert",
              "fullTitle": "Registro - testes funcionais email já existe 409 mostra alert",
              "timedOut": null,
              "duration": 1188,
              "state": "passed",
              "speed": "fast",
              "pass": true,
              "fail": false,
              "pending": false,
              "context": "{\n  \"title\": \"cypress-mochawesome-reporter-videos-passed\",\n  \"value\": \"cypress\\\\e2e\\\\Register.cy.js\"\n}",
              "code": "cy.intercept('POST', REGISTER_URL, {\n  statusCode: 409,\n  body: {\n    detail: 'Email already exists'\n  }\n}).as('reg409');\ncy.window().then(win => cy.stub(win, 'alert').as('alert'));\ncy.get('form').within(() => {\n  cy.get('input').eq(0).type('Ada');\n  cy.get('input').eq(1).type('Lovelace');\n  cy.get('input').eq(2).type('user@example.com');\n  cy.get('input').eq(3).type('Pass12345!');\n});\ncy.get('button[type=\"submit\"]').click();\ncy.wait('@reg409');\ncy.get('@alert').should('have.been.called');",
              "err": {},
              "uuid": "17649226-9787-4b8c-9077-b1d81be6c80c",
              "parentUUID": "1108936e-7158-44cb-8ae0-41400ab8503b",
              "isHook": false,
              "skipped": false
            },
            {
              "title": "validação 400 mostra alert",
              "fullTitle": "Registro - testes funcionais validação 400 mostra alert",
              "timedOut": null,
              "duration": 1126,
              "state": "passed",
              "speed": "fast",
              "pass": true,
              "fail": false,
              "pending": false,
              "context": "{\n  \"title\": \"cypress-mochawesome-reporter-videos-passed\",\n  \"value\": \"cypress\\\\e2e\\\\Register.cy.js\"\n}",
              "code": "cy.intercept('POST', REGISTER_URL, {\n  statusCode: 400,\n  body: {\n    email: ['Formato inválido']\n  }\n}).as('reg400');\ncy.window().then(win => cy.stub(win, 'alert').as('alert'));\n// Desabilita validação HTML5\ncy.get('form').invoke('attr', 'novalidate', 'novalidate');\ncy.get('form').within(() => {\n  cy.get('input').eq(0).type('Ada');\n  cy.get('input').eq(1).type('Lovelace');\n  cy.get('input').eq(2).type('email-invalido');\n  cy.get('input').eq(3).type('Pass12345!');\n});\ncy.get('button[type=\"submit\"]').click();\ncy.wait('@reg400');\ncy.get('@alert').should('have.been.called');",
              "err": {},
              "uuid": "9d7039e7-b78d-409f-9e86-4c7108d32088",
              "parentUUID": "1108936e-7158-44cb-8ae0-41400ab8503b",
              "isHook": false,
              "skipped": false
            },
            {
              "title": "link para login funciona",
              "fullTitle": "Registro - testes funcionais link para login funciona",
              "timedOut": null,
              "duration": 174,
              "state": "passed",
              "speed": "fast",
              "pass": true,
              "fail": false,
              "pending": false,
              "context": "{\n  \"title\": \"cypress-mochawesome-reporter-videos-passed\",\n  \"value\": \"cypress\\\\e2e\\\\Register.cy.js\"\n}",
              "code": "cy.contains('a', /sign\\s*in/i).click();\ncy.location('pathname').should('eq', '/login');",
              "err": {},
              "uuid": "cfca9b19-ff25-43e1-a9b7-8b1c67ff6775",
              "parentUUID": "1108936e-7158-44cb-8ae0-41400ab8503b",
              "isHook": false,
              "skipped": false
            },
            {
              "title": "validação HTML5 required funciona para todos os campos",
              "fullTitle": "Registro - testes funcionais validação HTML5 required funciona para todos os campos",
              "timedOut": null,
              "duration": 147,
              "state": "passed",
              "speed": "fast",
              "pass": true,
              "fail": false,
              "pending": false,
              "context": "{\n  \"title\": \"cypress-mochawesome-reporter-videos-passed\",\n  \"value\": \"cypress\\\\e2e\\\\Register.cy.js\"\n}",
              "code": "cy.intercept('POST', REGISTER_URL, () => {\n  throw new Error('Não deveria chamar API com campos vazios');\n}).as('guard');\ncy.get('button[type=\"submit\"]').click();\ncy.get('form').then($form => {\n  expect($form[0].checkValidity()).to.be.false;\n});",
              "err": {},
              "uuid": "8bfddd58-d721-4306-a891-f15b450d3e7b",
              "parentUUID": "1108936e-7158-44cb-8ae0-41400ab8503b",
              "isHook": false,
              "skipped": false
            },
            {
              "title": "erro 500 mostra alert",
              "fullTitle": "Registro - testes funcionais erro 500 mostra alert",
              "timedOut": null,
              "duration": 1139,
              "state": "passed",
              "speed": "fast",
              "pass": true,
              "fail": false,
              "pending": false,
              "context": "{\n  \"title\": \"cypress-mochawesome-reporter-videos-passed\",\n  \"value\": \"cypress\\\\e2e\\\\Register.cy.js\"\n}",
              "code": "cy.intercept('POST', REGISTER_URL, {\n  statusCode: 500,\n  body: {\n    detail: 'Server error'\n  }\n}).as('reg500');\ncy.window().then(win => cy.stub(win, 'alert').as('alert'));\ncy.get('form').within(() => {\n  cy.get('input').eq(0).type('Ada');\n  cy.get('input').eq(1).type('Lovelace');\n  cy.get('input').eq(2).type('user@example.com');\n  cy.get('input').eq(3).type('Pass12345!');\n});\ncy.get('button[type=\"submit\"]').click();\ncy.wait('@reg500');\ncy.get('@alert').should('have.been.called');",
              "err": {},
              "uuid": "a2961159-42d7-4145-aecd-8715d8d14ef0",
              "parentUUID": "1108936e-7158-44cb-8ae0-41400ab8503b",
              "isHook": false,
              "skipped": false
            },
            {
              "title": "payload envia apenas campos necessários",
              "fullTitle": "Registro - testes funcionais payload envia apenas campos necessários",
              "timedOut": null,
              "duration": 1155,
              "state": "passed",
              "speed": "fast",
              "pass": true,
              "fail": false,
              "pending": false,
              "context": "{\n  \"title\": \"cypress-mochawesome-reporter-videos-passed\",\n  \"value\": \"cypress\\\\e2e\\\\Register.cy.js\"\n}",
              "code": "cy.intercept('POST', REGISTER_URL, req => {\n  expect(req.body).to.have.keys(['first_name', 'last_name', 'email', 'password']);\n  req.reply({\n    statusCode: 201,\n    body: {\n      id: 1\n    }\n  });\n}).as('regPayload');\ncy.get('form').within(() => {\n  cy.get('input').eq(0).type('Ada');\n  cy.get('input').eq(1).type('Lovelace');\n  cy.get('input').eq(2).type('user@example.com');\n  cy.get('input').eq(3).type('Pass12345!');\n});\ncy.get('button[type=\"submit\"]').click();\ncy.wait('@regPayload');",
              "err": {},
              "uuid": "d6187dbc-0be3-4240-8080-709f7f8315d2",
              "parentUUID": "1108936e-7158-44cb-8ae0-41400ab8503b",
              "isHook": false,
              "skipped": false
            }
          ],
          "suites": [],
          "passes": [
            "18a1bd0e-f85f-4a3a-9981-32a2244f3c15",
            "5e6d0359-e4b6-4365-99ce-86e009e35fa2",
            "17649226-9787-4b8c-9077-b1d81be6c80c",
            "9d7039e7-b78d-409f-9e86-4c7108d32088",
            "cfca9b19-ff25-43e1-a9b7-8b1c67ff6775",
            "8bfddd58-d721-4306-a891-f15b450d3e7b",
            "a2961159-42d7-4145-aecd-8715d8d14ef0",
            "d6187dbc-0be3-4240-8080-709f7f8315d2"
          ],
          "failures": [],
          "pending": [],
          "skipped": [],
          "duration": 6399,
          "root": false,
          "rootEmpty": false,
          "_timeout": 2000
        },
        {
          "uuid": "a55e3e16-0576-4341-b34a-40b1c4e7bf35",
          "title": "Registro - casos especiais",
          "fullFile": "",
          "file": "",
          "beforeHooks": [],
          "afterHooks": [],
          "tests": [
            {
              "title": "limpa localStorage ao entrar na página",
              "fullTitle": "Registro - casos especiais limpa localStorage ao entrar na página",
              "timedOut": null,
              "duration": 129,
              "state": "passed",
              "speed": "fast",
              "pass": true,
              "fail": false,
              "pending": false,
              "context": "{\n  \"title\": \"cypress-mochawesome-reporter-videos-passed\",\n  \"value\": \"cypress\\\\e2e\\\\Register.cy.js\"\n}",
              "code": "cy.window().then(win => {\n  win.localStorage.setItem('access_token', 'old-token');\n  win.localStorage.setItem('refresh_token', 'old-refresh');\n});\ncy.reload();\ncy.window().then(win => {\n  expect(win.localStorage.getItem('access_token')).to.be.null;\n  expect(win.localStorage.getItem('refresh_token')).to.be.null;\n});",
              "err": {},
              "uuid": "14e69cfb-45ba-417b-b054-92aa570e9fa6",
              "parentUUID": "a55e3e16-0576-4341-b34a-40b1c4e7bf35",
              "isHook": false,
              "skipped": false
            }
          ],
          "suites": [],
          "passes": [
            "14e69cfb-45ba-417b-b054-92aa570e9fa6"
          ],
          "failures": [],
          "pending": [],
          "skipped": [],
          "duration": 129,
          "root": false,
          "rootEmpty": false,
          "_timeout": 2000
        },
        {
          "uuid": "b5af8bea-5453-4daf-aef3-602b0dc5d49a",
          "title": "Registro (testes avançados)",
          "fullFile": "",
          "file": "",
          "beforeHooks": [],
          "afterHooks": [],
          "tests": [
            {
              "title": "NÃO valida força da senha no frontend",
              "fullTitle": "Registro (testes avançados) NÃO valida força da senha no frontend",
              "timedOut": null,
              "duration": 1025,
              "state": "passed",
              "speed": "fast",
              "pass": true,
              "fail": false,
              "pending": false,
              "context": "{\n  \"title\": \"cypress-mochawesome-reporter-videos-passed\",\n  \"value\": \"cypress\\\\e2e\\\\Register.cy.js\"\n}",
              "code": "cy.intercept('POST', REGISTER_URL, {\n  statusCode: 201,\n  body: {\n    id: 1,\n    email: 'user@example.com'\n  }\n}).as('regOk');\n// Aguarda o formulário carregar\ncy.get('form').should('be.visible');\n// Senha muito fraca mas é aceita\ncy.get('form').within(() => {\n  cy.get('input').eq(0).type('Test');\n  cy.get('input').eq(1).type('User');\n  cy.get('input').eq(2).type('test@example.com');\n  cy.get('input').eq(3).type('123');\n});\ncy.get('button[type=\"submit\"]').click();\n// NÃO mostra mensagem de senha fraca\ncy.contains(/senha.*fraca|password.*weak/i).should('not.exist');\ncy.wait('@regOk');",
              "err": {},
              "uuid": "26f3ad40-b47a-4268-93f6-8a380a5a4880",
              "parentUUID": "b5af8bea-5453-4daf-aef3-602b0dc5d49a",
              "isHook": false,
              "skipped": false
            },
            {
              "title": "NÃO pede confirmação de email",
              "fullTitle": "Registro (testes avançados) NÃO pede confirmação de email",
              "timedOut": null,
              "duration": 1168,
              "state": "passed",
              "speed": "fast",
              "pass": true,
              "fail": false,
              "pending": false,
              "context": "{\n  \"title\": \"cypress-mochawesome-reporter-videos-passed\",\n  \"value\": \"cypress\\\\e2e\\\\Register.cy.js\"\n}",
              "code": "cy.intercept('POST', REGISTER_URL, {\n  statusCode: 201,\n  body: {\n    id: 1,\n    email: 'user@example.com'\n  }\n}).as('regOk');\ncy.get('form').within(() => {\n  cy.get('input').eq(0).type('Ada');\n  cy.get('input').eq(1).type('Lovelace');\n  cy.get('input').eq(2).type('user@example.com');\n  cy.get('input').eq(3).type('Pass12345!');\n});\ncy.get('button[type=\"submit\"]').click();\ncy.wait('@regOk');\n// NÃO mostra mensagem de confirmação de email\ncy.contains(/confirme seu email|check your email/i).should('not.exist');",
              "err": {},
              "uuid": "9e81fadf-9932-49c9-b240-347c0e39f35b",
              "parentUUID": "b5af8bea-5453-4daf-aef3-602b0dc5d49a",
              "isHook": false,
              "skipped": false
            },
            {
              "title": "NÃO tem validação em tempo real do email",
              "fullTitle": "Registro (testes avançados) NÃO tem validação em tempo real do email",
              "timedOut": null,
              "duration": 430,
              "state": "passed",
              "speed": "fast",
              "pass": true,
              "fail": false,
              "pending": false,
              "context": "{\n  \"title\": \"cypress-mochawesome-reporter-videos-passed\",\n  \"value\": \"cypress\\\\e2e\\\\Register.cy.js\"\n}",
              "code": "// Aguarda o formulário carregar\ncy.get('form').should('be.visible');\n// Digita email inválido\ncy.get('form').within(() => {\n  cy.get('input').eq(2).type('email-invalido');\n});\n// NÃO mostra erro imediatamente\ncy.get('.error-message, [role=\"alert\"]').should('not.exist');\n// Campo aceita o valor\ncy.get('form').within(() => {\n  cy.get('input').eq(2).should('have.value', 'email-invalido');\n});",
              "err": {},
              "uuid": "bf126dff-a588-42d6-b34e-4fb75397f568",
              "parentUUID": "b5af8bea-5453-4daf-aef3-602b0dc5d49a",
              "isHook": false,
              "skipped": false
            },
            {
              "title": "permite caracteres especiais nos nomes",
              "fullTitle": "Registro (testes avançados) permite caracteres especiais nos nomes",
              "timedOut": null,
              "duration": 467,
              "state": "passed",
              "speed": "fast",
              "pass": true,
              "fail": false,
              "pending": false,
              "context": "{\n  \"title\": \"cypress-mochawesome-reporter-videos-passed\",\n  \"value\": \"cypress\\\\e2e\\\\Register.cy.js\"\n}",
              "code": "cy.get('form').within(() => {\n  cy.get('input').eq(0).type('João');\n  cy.get('input').eq(1).type('Silva');\n  cy.get('input').eq(0).should('have.value', 'João');\n  cy.get('input').eq(1).should('have.value', 'Silva');\n});",
              "err": {},
              "uuid": "f657f5d3-e04a-4e43-8a7a-cd0f384ede20",
              "parentUUID": "b5af8bea-5453-4daf-aef3-602b0dc5d49a",
              "isHook": false,
              "skipped": false
            },
            {
              "title": "formulário tem estrutura correta",
              "fullTitle": "Registro (testes avançados) formulário tem estrutura correta",
              "timedOut": null,
              "duration": 95,
              "state": "passed",
              "speed": "fast",
              "pass": true,
              "fail": false,
              "pending": false,
              "context": "{\n  \"title\": \"cypress-mochawesome-reporter-videos-passed\",\n  \"value\": \"cypress\\\\e2e\\\\Register.cy.js\"\n}",
              "code": "cy.get('form').within(() => {\n  cy.get('input').should('have.length', 4);\n  // Primeiro input deve ser first_name\n  cy.get('input').eq(0).should('have.attr', 'required');\n  // Segundo input deve ser last_name  \n  cy.get('input').eq(1).should('have.attr', 'required');\n  // Terceiro input deve ser email\n  cy.get('input').eq(2).should('have.attr', 'type', 'email');\n  // Quarto input deve ser password\n  cy.get('input').eq(3).should('have.attr', 'type', 'password');\n});",
              "err": {},
              "uuid": "b7c9fa44-4056-43b6-bbcc-70b71aeb9acb",
              "parentUUID": "b5af8bea-5453-4daf-aef3-602b0dc5d49a",
              "isHook": false,
              "skipped": false
            }
          ],
          "suites": [],
          "passes": [
            "26f3ad40-b47a-4268-93f6-8a380a5a4880",
            "9e81fadf-9932-49c9-b240-347c0e39f35b",
            "bf126dff-a588-42d6-b34e-4fb75397f568",
            "f657f5d3-e04a-4e43-8a7a-cd0f384ede20",
            "b7c9fa44-4056-43b6-bbcc-70b71aeb9acb"
          ],
          "failures": [],
          "pending": [],
          "skipped": [],
          "duration": 3185,
          "root": false,
          "rootEmpty": false,
          "_timeout": 2000
        }
      ],
      "passes": [],
      "failures": [],
      "pending": [],
      "skipped": [],
      "duration": 0,
      "root": true,
      "rootEmpty": true,
      "_timeout": 2000
    }
  ],
  "meta": {
    "mocha": {
      "version": "7.2.0"
    },
    "mochawesome": {
      "options": {
        "quiet": false,
        "reportFilename": "mochawesome",
        "saveHtml": true,
        "saveJson": true,
        "consoleReporter": "spec",
        "useInlineDiffs": false,
        "code": true
      },
      "version": "7.1.4"
    },
    "marge": {
      "options": null,
      "version": "6.3.2"
    }
  }
}